2025-10-21 19:20:20,433 - main - INFO - Starting Intelligent File Organizer backend...
2025-10-21 19:20:20,449 - main - INFO - Backend initialization complete
2025-10-21 19:20:33,927 - main - INFO - Shutting down backend...
2025-10-21 19:21:20,643 - main - INFO - Starting Intelligent File Organizer backend...
2025-10-21 19:21:20,647 - main - INFO - Backend initialization complete
2025-10-21 19:22:35,463 - main - INFO - Status update: scanning - 0% - Scanning E:\
2025-10-21 19:22:36,721 - main - INFO - Status update: scanning - 9% - Processed 10 files
2025-10-21 19:22:37,748 - main - INFO - Status update: scanning - 18% - Processed 20 files
2025-10-21 19:22:38,906 - main - INFO - Status update: scanning - 27% - Processed 30 files
2025-10-21 19:22:40,050 - main - INFO - Status update: scanning - 36% - Processed 40 files
2025-10-21 19:22:40,986 - main - INFO - Status update: scanning - 45% - Processed 50 files
2025-10-21 19:22:42,013 - main - INFO - Status update: scanning - 54% - Processed 60 files
2025-10-21 19:22:42,891 - main - INFO - Status update: scanning - 62% - Processed 70 files
2025-10-21 19:22:43,765 - main - INFO - Status update: scanning - 72% - Processed 80 files
2025-10-21 19:22:44,746 - main - INFO - Status update: scanning - 81% - Processed 90 files
2025-10-21 19:22:45,732 - main - INFO - Status update: scanning - 90% - Processed 100 files
2025-10-21 19:22:46,659 - main - INFO - Status update: scanning - 90% - Processed 110 files
2025-10-21 19:22:47,582 - main - INFO - Status update: scanning - 90% - Processed 120 files
2025-10-21 19:22:48,415 - main - INFO - Status update: scanning - 90% - Processed 130 files
2025-10-21 19:22:49,349 - main - INFO - Status update: scanning - 90% - Processed 140 files
2025-10-21 19:22:50,274 - main - INFO - Status update: scanning - 90% - Processed 150 files
2025-10-21 19:22:51,113 - main - INFO - Status update: scanning - 90% - Processed 160 files
2025-10-21 19:22:51,790 - main - INFO - Status update: scanning - 90% - Processed 170 files
2025-10-21 19:22:52,695 - main - INFO - Status update: scanning - 90% - Processed 180 files
2025-10-21 19:22:53,405 - main - INFO - Status update: scanning - 90% - Processed 190 files
2025-10-21 19:22:54,392 - main - INFO - Status update: scanning - 90% - Processed 200 files
2025-10-21 19:22:55,411 - main - INFO - Status update: scanning - 90% - Processed 210 files
2025-10-21 19:22:56,100 - main - INFO - Status update: scanning - 90% - Processed 220 files
2025-10-21 19:22:57,025 - main - INFO - Status update: scanning - 90% - Processed 230 files
2025-10-21 19:22:57,931 - main - INFO - Status update: scanning - 90% - Processed 240 files
2025-10-21 19:22:59,087 - main - INFO - Status update: scanning - 90% - Processed 250 files
2025-10-21 19:22:59,975 - main - INFO - Status update: scanning - 90% - Processed 260 files
2025-10-21 19:23:00,972 - main - INFO - Status update: scanning - 90% - Processed 270 files
2025-10-21 19:23:01,901 - main - INFO - Status update: scanning - 90% - Processed 280 files
2025-10-21 19:23:02,783 - main - INFO - Status update: scanning - 90% - Processed 290 files
2025-10-21 19:23:03,756 - main - INFO - Status update: scanning - 90% - Processed 300 files
2025-10-21 19:23:04,741 - main - INFO - Status update: scanning - 90% - Processed 310 files
2025-10-21 19:23:05,593 - main - INFO - Status update: scanning - 90% - Processed 320 files
2025-10-21 19:23:06,468 - main - INFO - Status update: scanning - 90% - Processed 330 files
2025-10-21 19:23:07,378 - main - INFO - Status update: scanning - 90% - Processed 340 files
2025-10-21 19:23:08,143 - main - INFO - Status update: scanning - 90% - Processed 350 files
2025-10-21 19:23:09,044 - main - INFO - Status update: scanning - 90% - Processed 360 files
2025-10-21 19:23:09,914 - main - INFO - Status update: scanning - 90% - Processed 370 files
2025-10-21 19:23:10,888 - main - INFO - Status update: scanning - 90% - Processed 380 files
2025-10-21 19:23:11,701 - main - INFO - Status update: scanning - 90% - Processed 390 files
2025-10-21 19:23:12,725 - main - INFO - Status update: scanning - 90% - Processed 400 files
2025-10-21 19:23:13,662 - main - INFO - Status update: scanning - 90% - Processed 410 files
2025-10-21 19:23:14,505 - main - INFO - Status update: scanning - 90% - Processed 420 files
2025-10-21 19:23:15,500 - main - INFO - Status update: scanning - 90% - Processed 430 files
2025-10-21 19:23:16,379 - main - INFO - Status update: scanning - 90% - Processed 440 files
2025-10-21 19:23:17,116 - main - INFO - Status update: organizing - 0% - Organizing files from E:\
2025-10-21 19:23:17,195 - main - INFO - Status update: scanning - 90% - Processed 450 files
2025-10-21 19:23:18,329 - main - INFO - Status update: scanning - 90% - Processed 460 files
2025-10-21 19:23:19,383 - main - INFO - Status update: scanning - 90% - Processed 470 files
2025-10-21 19:23:20,160 - main - INFO - Status update: scanning - 90% - Processed 480 files
2025-10-21 19:23:21,134 - main - INFO - Status update: scanning - 90% - Processed 490 files
2025-10-21 19:23:22,121 - main - INFO - Status update: scanning - 90% - Processed 500 files
2025-10-21 19:23:23,194 - main - INFO - Status update: scanning - 90% - Processed 510 files
2025-10-21 19:23:24,017 - main - INFO - Status update: scanning - 90% - Processed 520 files
2025-10-21 19:23:24,874 - main - INFO - Status update: scanning - 90% - Processed 530 files
2025-10-21 19:23:25,801 - main - INFO - Status update: scanning - 90% - Processed 540 files
2025-10-21 19:23:26,641 - main - INFO - Status update: scanning - 90% - Processed 550 files
2025-10-21 19:23:27,635 - main - INFO - Status update: scanning - 90% - Processed 560 files
2025-10-21 19:23:28,526 - main - INFO - Status update: scanning - 90% - Processed 570 files
2025-10-21 19:23:29,531 - main - INFO - Status update: scanning - 90% - Processed 580 files
2025-10-21 19:23:30,499 - main - INFO - Status update: scanning - 90% - Processed 590 files
2025-10-21 19:23:31,571 - main - INFO - Status update: scanning - 90% - Processed 600 files
2025-10-21 19:23:32,399 - main - INFO - Status update: scanning - 90% - Processed 610 files
2025-10-21 19:23:33,278 - main - INFO - Status update: scanning - 90% - Processed 620 files
2025-10-21 19:23:34,141 - main - INFO - Status update: scanning - 90% - Processed 630 files
2025-10-21 19:23:35,091 - main - INFO - Status update: scanning - 90% - Processed 640 files
2025-10-21 19:23:36,274 - main - INFO - Status update: scanning - 90% - Processed 650 files
2025-10-21 19:23:37,179 - main - INFO - Status update: scanning - 90% - Processed 660 files
2025-10-21 19:23:38,292 - main - INFO - Status update: scanning - 90% - Processed 670 files
2025-10-21 19:23:39,396 - main - INFO - Status update: scanning - 90% - Processed 680 files
2025-10-21 19:23:40,337 - main - INFO - Status update: scanning - 90% - Processed 690 files
2025-10-21 19:23:41,251 - main - INFO - Status update: scanning - 90% - Processed 700 files
2025-10-21 19:23:42,244 - main - INFO - Status update: scanning - 90% - Processed 710 files
2025-10-21 19:23:43,238 - main - INFO - Status update: scanning - 90% - Processed 720 files
2025-10-21 19:23:44,260 - main - INFO - Status update: scanning - 90% - Processed 730 files
2025-10-21 19:23:45,386 - main - INFO - Status update: scanning - 90% - Processed 740 files
2025-10-21 19:23:46,259 - main - INFO - Status update: scanning - 90% - Processed 750 files
2025-10-21 19:23:47,171 - main - INFO - Status update: scanning - 90% - Processed 760 files
2025-10-21 19:23:47,934 - main - INFO - Status update: scanning - 90% - Processed 770 files
2025-10-21 19:23:48,805 - main - INFO - Status update: scanning - 90% - Processed 780 files
2025-10-21 19:23:49,716 - main - INFO - Status update: scanning - 90% - Processed 790 files
2025-10-21 19:23:50,646 - main - INFO - Status update: scanning - 90% - Processed 800 files
2025-10-21 19:23:51,263 - main - INFO - Status update: scanning - 90% - Processed 810 files
2025-10-21 19:23:52,180 - main - INFO - Status update: scanning - 90% - Processed 820 files
2025-10-21 19:23:53,187 - main - INFO - Status update: scanning - 90% - Processed 830 files
2025-10-21 19:23:54,272 - main - INFO - Status update: scanning - 90% - Processed 840 files
2025-10-21 19:23:55,372 - main - INFO - Status update: scanning - 90% - Processed 850 files
2025-10-21 19:23:56,460 - main - INFO - Status update: scanning - 90% - Processed 860 files
2025-10-21 19:23:57,507 - main - INFO - Status update: scanning - 90% - Processed 870 files
2025-10-21 19:23:58,501 - main - INFO - Status update: scanning - 90% - Processed 880 files
2025-10-21 19:23:59,552 - main - INFO - Status update: scanning - 90% - Processed 890 files
2025-10-21 19:24:00,374 - main - INFO - Status update: scanning - 90% - Processed 900 files
2025-10-21 19:24:01,474 - main - INFO - Status update: scanning - 90% - Processed 910 files
2025-10-21 19:24:02,368 - main - INFO - Status update: scanning - 90% - Processed 920 files
2025-10-21 19:24:03,345 - main - INFO - Status update: scanning - 90% - Processed 930 files
2025-10-21 19:24:04,245 - main - INFO - Status update: scanning - 90% - Processed 940 files
2025-10-21 19:24:05,004 - main - INFO - Status update: scanning - 90% - Processed 950 files
2025-10-21 19:24:05,996 - main - INFO - Status update: scanning - 90% - Processed 960 files
2025-10-21 19:24:06,836 - main - INFO - Status update: scanning - 90% - Processed 970 files
2025-10-21 19:24:07,811 - main - INFO - Status update: scanning - 90% - Processed 980 files
2025-10-21 19:24:08,740 - main - INFO - Status update: scanning - 90% - Processed 990 files
2025-10-21 19:24:09,622 - main - INFO - Status update: scanning - 90% - Processed 1000 files
2025-10-21 19:24:10,615 - main - INFO - Status update: scanning - 90% - Processed 1010 files
2025-10-21 19:24:11,772 - main - INFO - Status update: scanning - 90% - Processed 1020 files
2025-10-21 19:24:12,622 - main - INFO - Status update: scanning - 90% - Processed 1030 files
2025-10-21 19:24:13,590 - main - INFO - Status update: scanning - 90% - Processed 1040 files
2025-10-21 19:24:14,640 - main - INFO - Status update: scanning - 90% - Processed 1050 files
2025-10-21 19:24:15,585 - main - INFO - Status update: scanning - 90% - Processed 1060 files
2025-10-21 19:24:16,599 - main - INFO - Status update: scanning - 90% - Processed 1070 files
2025-10-21 19:24:17,550 - main - INFO - Status update: scanning - 90% - Processed 1080 files
2025-10-21 19:24:18,370 - main - INFO - Status update: scanning - 90% - Processed 1090 files
2025-10-21 19:24:19,180 - main - INFO - Status update: scanning - 90% - Processed 1100 files
2025-10-21 19:24:20,226 - main - INFO - Status update: scanning - 90% - Processed 1110 files
2025-10-21 19:24:21,194 - main - INFO - Status update: scanning - 90% - Processed 1120 files
2025-10-21 19:24:22,147 - main - INFO - Status update: scanning - 90% - Processed 1130 files
2025-10-21 19:24:22,947 - main - INFO - Status update: scanning - 90% - Processed 1140 files
2025-10-21 19:24:23,866 - main - INFO - Status update: scanning - 90% - Processed 1150 files
2025-10-21 19:24:24,811 - main - INFO - Status update: scanning - 90% - Processed 1160 files
2025-10-21 19:24:25,593 - main - INFO - Status update: scanning - 90% - Processed 1170 files
2025-10-21 19:24:26,446 - main - INFO - Status update: scanning - 90% - Processed 1180 files
2025-10-21 19:24:27,328 - main - INFO - Status update: scanning - 90% - Processed 1190 files
2025-10-21 19:24:28,301 - main - INFO - Status update: scanning - 90% - Processed 1200 files
2025-10-21 19:24:29,602 - main - INFO - Status update: scanning - 90% - Processed 1210 files
2025-10-21 19:24:30,476 - main - INFO - Status update: scanning - 90% - Processed 1220 files
2025-10-21 19:24:31,534 - main - INFO - Status update: scanning - 90% - Processed 1230 files
2025-10-21 19:24:32,556 - main - INFO - Status update: scanning - 90% - Processed 1240 files
2025-10-21 19:24:33,481 - main - INFO - Status update: scanning - 90% - Processed 1250 files
2025-10-21 19:24:34,157 - main - INFO - Status update: scanning - 90% - Processed 1260 files
2025-10-21 19:24:35,055 - main - INFO - Status update: scanning - 90% - Processed 1270 files
2025-10-21 19:24:35,833 - main - INFO - Status update: scanning - 90% - Processed 1280 files
2025-10-21 19:24:36,732 - main - INFO - Status update: scanning - 90% - Processed 1290 files
2025-10-21 19:24:37,739 - main - INFO - Status update: scanning - 90% - Processed 1300 files
2025-10-21 19:24:38,959 - main - INFO - Status update: scanning - 90% - Processed 1310 files
2025-10-21 19:24:39,947 - main - INFO - Status update: scanning - 90% - Processed 1320 files
2025-10-21 19:24:40,899 - main - INFO - Status update: scanning - 90% - Processed 1330 files
2025-10-21 19:24:41,900 - main - INFO - Status update: scanning - 90% - Processed 1340 files
2025-10-21 19:24:42,823 - main - INFO - Status update: scanning - 90% - Processed 1350 files
2025-10-21 19:24:43,836 - main - INFO - Status update: scanning - 90% - Processed 1360 files
2025-10-21 19:24:44,644 - main - INFO - Status update: scanning - 90% - Processed 1370 files
2025-10-21 19:24:45,465 - main - INFO - Status update: scanning - 90% - Processed 1380 files
2025-10-21 19:24:46,572 - main - INFO - Status update: scanning - 90% - Processed 1390 files
2025-10-21 19:24:47,613 - main - INFO - Status update: scanning - 90% - Processed 1400 files
2025-10-21 19:24:48,768 - main - INFO - Status update: scanning - 90% - Processed 1410 files
2025-10-21 19:24:49,753 - main - INFO - Status update: scanning - 90% - Processed 1420 files
2025-10-21 19:24:50,808 - main - INFO - Status update: scanning - 90% - Processed 1430 files
2025-10-21 19:24:51,770 - main - INFO - Status update: scanning - 90% - Processed 1440 files
2025-10-21 19:24:52,808 - main - INFO - Status update: scanning - 90% - Processed 1450 files
2025-10-21 19:24:53,976 - main - INFO - Status update: scanning - 90% - Processed 1460 files
2025-10-21 19:24:54,970 - main - INFO - Status update: scanning - 90% - Processed 1470 files
2025-10-21 19:24:55,822 - main - INFO - Status update: scanning - 90% - Processed 1480 files
2025-10-21 19:24:56,836 - main - INFO - Status update: scanning - 90% - Processed 1490 files
2025-10-21 19:24:57,700 - main - INFO - Status update: scanning - 90% - Processed 1500 files
2025-10-21 19:24:58,686 - main - INFO - Status update: scanning - 90% - Processed 1510 files
2025-10-21 19:24:59,556 - main - INFO - Status update: scanning - 90% - Processed 1520 files
2025-10-21 19:25:00,449 - main - INFO - Status update: scanning - 90% - Processed 1530 files
2025-10-21 19:25:01,179 - main - INFO - Status update: scanning - 90% - Processed 1540 files
2025-10-21 19:25:02,104 - main - INFO - Status update: scanning - 90% - Processed 1550 files
2025-10-21 19:25:02,837 - main - INFO - Status update: scanning - 90% - Processed 1560 files
2025-10-21 19:25:03,641 - main - INFO - Status update: scanning - 90% - Processed 1570 files
2025-10-21 19:25:04,798 - main - INFO - Status update: scanning - 90% - Processed 1580 files
2025-10-21 19:25:05,697 - main - INFO - Status update: scanning - 90% - Processed 1590 files
2025-10-21 19:25:06,619 - main - INFO - Status update: scanning - 90% - Processed 1600 files
2025-10-21 19:25:07,600 - main - INFO - Status update: scanning - 90% - Processed 1610 files
2025-10-21 19:25:08,540 - main - INFO - Status update: scanning - 90% - Processed 1620 files
2025-10-21 19:25:09,570 - main - INFO - Status update: scanning - 90% - Processed 1630 files
2025-10-21 19:25:10,400 - main - INFO - Status update: scanning - 90% - Processed 1640 files
2025-10-21 19:25:11,440 - main - INFO - Status update: scanning - 90% - Processed 1650 files
2025-10-21 19:25:12,409 - main - INFO - Status update: scanning - 90% - Processed 1660 files
2025-10-21 19:25:13,338 - main - INFO - Status update: scanning - 90% - Processed 1670 files
2025-10-21 19:25:14,480 - main - INFO - Status update: scanning - 90% - Processed 1680 files
2025-10-21 19:25:15,616 - main - INFO - Status update: scanning - 90% - Processed 1690 files
2025-10-21 19:25:16,727 - main - INFO - Status update: scanning - 90% - Processed 1700 files
2025-10-21 19:25:17,604 - main - INFO - Status update: scanning - 90% - Processed 1710 files
2025-10-21 19:25:18,552 - main - INFO - Status update: scanning - 90% - Processed 1720 files
2025-10-21 19:25:19,548 - main - INFO - Status update: scanning - 90% - Processed 1730 files
2025-10-21 19:25:20,468 - main - INFO - Status update: scanning - 90% - Processed 1740 files
2025-10-21 19:25:21,363 - main - INFO - Status update: scanning - 90% - Processed 1750 files
2025-10-21 19:25:22,529 - main - INFO - Status update: scanning - 90% - Processed 1760 files
2025-10-21 19:25:23,472 - main - INFO - Status update: scanning - 90% - Processed 1770 files
2025-10-21 19:25:24,334 - main - INFO - Status update: scanning - 90% - Processed 1780 files
2025-10-21 19:25:25,167 - main - INFO - Status update: scanning - 90% - Processed 1790 files
2025-10-21 19:25:26,249 - main - INFO - Status update: scanning - 90% - Processed 1800 files
2025-10-21 19:25:27,324 - main - INFO - Status update: scanning - 90% - Processed 1810 files
2025-10-21 19:25:28,272 - main - INFO - Status update: scanning - 90% - Processed 1820 files
2025-10-21 19:25:29,201 - main - INFO - Status update: scanning - 90% - Processed 1830 files
2025-10-21 19:25:29,987 - main - INFO - Status update: scanning - 90% - Processed 1840 files
2025-10-21 19:25:30,962 - main - INFO - Status update: scanning - 90% - Processed 1850 files
2025-10-21 19:25:31,881 - main - INFO - Status update: scanning - 90% - Processed 1860 files
2025-10-21 19:25:32,899 - main - INFO - Status update: scanning - 90% - Processed 1870 files
2025-10-21 19:25:33,875 - main - INFO - Status update: scanning - 90% - Processed 1880 files
2025-10-21 19:25:34,995 - main - INFO - Status update: scanning - 90% - Processed 1890 files
2025-10-21 19:25:36,104 - main - INFO - Status update: scanning - 90% - Processed 1900 files
2025-10-21 19:25:37,049 - main - INFO - Status update: scanning - 90% - Processed 1910 files
2025-10-21 19:25:38,069 - main - INFO - Status update: scanning - 90% - Processed 1920 files
2025-10-21 19:25:39,058 - main - INFO - Status update: scanning - 90% - Processed 1930 files
2025-10-21 19:25:39,922 - main - INFO - Status update: scanning - 90% - Processed 1940 files
2025-10-21 19:25:40,765 - main - INFO - Status update: scanning - 90% - Processed 1950 files
2025-10-21 19:25:41,476 - main - INFO - Status update: scanning - 90% - Processed 1960 files
2025-10-21 19:25:42,488 - main - INFO - Status update: scanning - 90% - Processed 1970 files
2025-10-21 19:25:43,531 - main - INFO - Status update: scanning - 90% - Processed 1980 files
2025-10-21 19:25:44,460 - main - INFO - Status update: scanning - 90% - Processed 1990 files
2025-10-21 19:25:45,252 - main - INFO - Status update: scanning - 90% - Processed 2000 files
2025-10-21 19:25:46,261 - main - INFO - Status update: scanning - 90% - Processed 2010 files
2025-10-21 19:25:47,334 - main - INFO - Status update: scanning - 90% - Processed 2020 files
2025-10-21 19:25:48,405 - main - INFO - Status update: scanning - 90% - Processed 2030 files
2025-10-21 19:25:49,666 - main - INFO - Status update: scanning - 90% - Processed 2040 files
2025-10-21 19:25:50,682 - main - INFO - Status update: scanning - 90% - Processed 2050 files
2025-10-21 19:25:51,621 - main - INFO - Status update: scanning - 90% - Processed 2060 files
2025-10-21 19:25:52,232 - main - INFO - Status update: scanning - 90% - Processed 2070 files
2025-10-21 19:25:52,408 - main - INFO - Status update: scanning - 90% - Processed 2080 files
2025-10-21 19:25:52,653 - main - INFO - Status update: scanning - 90% - Processed 2090 files
2025-10-21 19:25:52,840 - main - INFO - Status update: scanning - 90% - Processed 2100 files
2025-10-21 19:25:53,076 - main - INFO - Status update: scanning - 90% - Processed 2110 files
2025-10-21 19:25:53,345 - main - INFO - Status update: scanning - 90% - Processed 2120 files
2025-10-21 19:25:53,537 - main - INFO - Status update: scanning - 90% - Processed 2130 files
2025-10-21 19:25:53,705 - main - INFO - Status update: scanning - 90% - Processed 2140 files
2025-10-21 19:25:53,848 - main - INFO - Status update: scanning - 90% - Processed 2150 files
2025-10-21 19:25:54,031 - main - INFO - Status update: scanning - 90% - Processed 2160 files
2025-10-21 19:25:54,225 - main - INFO - Status update: scanning - 90% - Processed 2170 files
2025-10-21 19:25:54,702 - main - INFO - Status update: scanning - 90% - Processed 2180 files
2025-10-21 19:25:55,461 - main - INFO - Status update: scanning - 90% - Processed 2190 files
2025-10-21 19:25:56,471 - main - INFO - Status update: scanning - 90% - Processed 2200 files
2025-10-21 19:25:57,455 - main - INFO - Status update: scanning - 90% - Processed 2210 files
2025-10-21 19:25:58,310 - main - INFO - Status update: scanning - 90% - Processed 2220 files
2025-10-21 19:25:59,226 - main - INFO - Status update: scanning - 90% - Processed 2230 files
2025-10-21 19:26:00,197 - main - INFO - Status update: scanning - 90% - Processed 2240 files
2025-10-21 19:26:01,231 - main - INFO - Status update: scanning - 90% - Processed 2250 files
2025-10-21 19:26:02,182 - main - INFO - Status update: scanning - 90% - Processed 2260 files
2025-10-21 19:26:03,057 - main - INFO - Status update: scanning - 90% - Processed 2270 files
2025-10-21 19:26:03,896 - main - INFO - Status update: scanning - 90% - Processed 2280 files
2025-10-21 19:26:04,427 - main - INFO - Status update: scanning - 90% - Processed 2290 files
2025-10-21 19:26:04,562 - main - INFO - Status update: scanning - 90% - Processed 2300 files
2025-10-21 19:26:04,803 - main - INFO - Status update: scanning - 90% - Processed 2310 files
2025-10-21 19:26:05,179 - main - INFO - Status update: scanning - 90% - Processed 2320 files
2025-10-21 19:26:05,345 - main - INFO - Status update: scanning - 90% - Processed 2330 files
2025-10-21 19:26:05,547 - main - INFO - Status update: scanning - 90% - Processed 2340 files
2025-10-21 19:26:05,763 - main - INFO - Status update: scanning - 90% - Processed 2350 files
2025-10-21 19:26:06,008 - main - INFO - Status update: scanning - 90% - Processed 2360 files
2025-10-21 19:26:06,201 - main - INFO - Status update: scanning - 90% - Processed 2370 files
2025-10-21 19:26:06,359 - main - INFO - Status update: scanning - 90% - Processed 2380 files
2025-10-21 19:26:06,559 - main - INFO - Status update: scanning - 90% - Processed 2390 files
2025-10-21 19:26:06,787 - main - INFO - Status update: scanning - 90% - Processed 2400 files
2025-10-21 19:26:07,305 - main - INFO - Status update: scanning - 90% - Processed 2410 files
2025-10-21 19:26:08,224 - main - INFO - Status update: scanning - 90% - Processed 2420 files
2025-10-21 19:26:09,008 - main - INFO - Status update: scanning - 90% - Processed 2430 files
2025-10-21 19:26:09,948 - main - INFO - Status update: scanning - 90% - Processed 2440 files
2025-10-21 19:26:11,053 - main - INFO - Status update: scanning - 90% - Processed 2450 files
2025-10-21 19:26:11,916 - main - INFO - Status update: scanning - 90% - Processed 2460 files
2025-10-21 19:26:12,887 - main - INFO - Status update: scanning - 90% - Processed 2470 files
2025-10-21 19:26:13,860 - main - INFO - Status update: scanning - 90% - Processed 2480 files
2025-10-21 19:26:14,831 - main - INFO - Status update: scanning - 90% - Processed 2490 files
2025-10-21 19:26:15,732 - main - INFO - Status update: scanning - 90% - Processed 2500 files
2025-10-21 19:26:18,734 - main - INFO - Status update: scanning - 90% - Processed 2510 files
2025-10-21 19:26:19,622 - main - INFO - Status update: scanning - 90% - Processed 2520 files
2025-10-21 19:26:20,898 - main - INFO - Status update: scanning - 90% - Processed 2530 files
2025-10-21 19:26:21,176 - main - INFO - Status update: scanning - 90% - Processed 2540 files
2025-10-21 19:26:21,336 - main - INFO - Status update: scanning - 90% - Processed 2550 files
2025-10-21 19:26:21,489 - main - INFO - Status update: scanning - 90% - Processed 2560 files
2025-10-21 19:26:21,627 - main - INFO - Status update: scanning - 90% - Processed 2570 files
2025-10-21 19:26:21,808 - main - INFO - Status update: scanning - 90% - Processed 2580 files
2025-10-21 19:26:22,052 - main - INFO - Status update: scanning - 90% - Processed 2590 files
2025-10-21 19:26:22,354 - main - INFO - Status update: scanning - 90% - Processed 2600 files
2025-10-21 19:26:22,503 - main - INFO - Status update: scanning - 90% - Processed 2610 files
2025-10-21 19:26:22,635 - main - INFO - Status update: scanning - 90% - Processed 2620 files
2025-10-21 19:26:22,786 - main - INFO - Status update: scanning - 90% - Processed 2630 files
2025-10-21 19:26:22,970 - main - INFO - Status update: scanning - 90% - Processed 2640 files
2025-10-21 19:26:23,226 - main - INFO - Status update: scanning - 90% - Processed 2650 files
2025-10-21 19:26:23,398 - main - INFO - Status update: scanning - 90% - Processed 2660 files
2025-10-21 19:26:23,589 - main - INFO - Status update: scanning - 90% - Processed 2670 files
2025-10-21 19:26:23,736 - main - INFO - Status update: scanning - 90% - Processed 2680 files
2025-10-21 19:26:23,849 - main - INFO - Status update: scanning - 90% - Processed 2690 files
2025-10-21 19:26:24,037 - main - INFO - Status update: scanning - 90% - Processed 2700 files
2025-10-21 19:26:24,349 - main - INFO - Status update: scanning - 90% - Processed 2710 files
2025-10-21 19:26:24,592 - main - INFO - Status update: scanning - 90% - Processed 2720 files
2025-10-21 19:26:24,772 - main - INFO - Status update: scanning - 90% - Processed 2730 files
2025-10-21 19:26:25,668 - main - INFO - Status update: scanning - 90% - Processed 2740 files
2025-10-21 19:26:26,599 - main - INFO - Status update: scanning - 90% - Processed 2750 files
2025-10-21 19:26:27,586 - main - INFO - Status update: scanning - 90% - Processed 2760 files
2025-10-21 19:26:28,302 - main - INFO - Status update: scanning - 90% - Processed 2770 files
2025-10-21 19:26:29,277 - main - INFO - Status update: scanning - 90% - Processed 2780 files
2025-10-21 19:26:30,256 - main - INFO - Status update: scanning - 90% - Processed 2790 files
2025-10-21 19:26:31,330 - main - INFO - Status update: scanning - 90% - Processed 2800 files
2025-10-21 19:26:32,381 - main - INFO - Status update: scanning - 90% - Processed 2810 files
2025-10-21 19:26:33,354 - main - INFO - Status update: scanning - 90% - Processed 2820 files
2025-10-21 19:26:34,330 - main - INFO - Status update: scanning - 90% - Processed 2830 files
2025-10-21 19:26:35,334 - main - INFO - Status update: scanning - 90% - Processed 2840 files
2025-10-21 19:26:36,332 - main - INFO - Status update: scanning - 90% - Processed 2850 files
2025-10-21 19:26:37,353 - main - INFO - Status update: scanning - 90% - Processed 2860 files
2025-10-21 19:26:38,358 - main - INFO - Status update: scanning - 90% - Processed 2870 files
2025-10-21 19:26:39,295 - main - INFO - Status update: scanning - 90% - Processed 2880 files
2025-10-21 19:26:40,425 - main - INFO - Status update: scanning - 90% - Processed 2890 files
2025-10-21 19:26:41,413 - main - INFO - Status update: scanning - 90% - Processed 2900 files
2025-10-21 19:26:42,387 - main - INFO - Status update: scanning - 90% - Processed 2910 files
2025-10-21 19:26:43,378 - main - INFO - Status update: scanning - 90% - Processed 2920 files
2025-10-21 19:26:44,528 - main - INFO - Status update: scanning - 90% - Processed 2930 files
2025-10-21 19:26:45,516 - main - INFO - Status update: scanning - 90% - Processed 2940 files
2025-10-21 19:26:46,272 - main - INFO - Status update: scanning - 90% - Processed 2950 files
2025-10-21 19:26:47,219 - main - INFO - Status update: scanning - 90% - Processed 2960 files
2025-10-21 19:26:48,056 - main - INFO - Status update: scanning - 90% - Processed 2970 files
2025-10-21 19:26:49,205 - main - INFO - Status update: scanning - 90% - Processed 2980 files
2025-10-21 19:26:50,021 - main - INFO - Status update: scanning - 90% - Processed 2990 files
2025-10-21 19:26:51,029 - main - INFO - Status update: scanning - 90% - Processed 3000 files
2025-10-21 19:26:51,884 - main - INFO - Status update: scanning - 90% - Processed 3010 files
2025-10-21 19:26:52,879 - main - INFO - Status update: scanning - 90% - Processed 3020 files
2025-10-21 19:26:53,872 - main - INFO - Status update: scanning - 90% - Processed 3030 files
2025-10-21 19:26:55,063 - main - INFO - Status update: scanning - 90% - Processed 3040 files
2025-10-21 19:26:55,921 - main - INFO - Status update: scanning - 90% - Processed 3050 files
2025-10-21 19:26:56,812 - main - INFO - Status update: scanning - 90% - Processed 3060 files
2025-10-21 19:26:57,952 - main - INFO - Status update: scanning - 90% - Processed 3070 files
2025-10-21 19:26:58,768 - main - INFO - Status update: scanning - 90% - Processed 3080 files
2025-10-21 19:26:59,647 - main - INFO - Status update: scanning - 90% - Processed 3090 files
2025-10-21 19:27:00,805 - main - INFO - Status update: scanning - 90% - Processed 3100 files
2025-10-21 19:27:01,720 - main - INFO - Status update: scanning - 90% - Processed 3110 files
2025-10-21 19:27:02,630 - main - INFO - Status update: scanning - 90% - Processed 3120 files
2025-10-21 19:27:03,754 - main - INFO - Status update: scanning - 90% - Processed 3130 files
2025-10-21 19:27:04,736 - main - INFO - Status update: scanning - 90% - Processed 3140 files
2025-10-21 19:27:05,448 - main - INFO - Status update: scanning - 90% - Processed 3150 files
2025-10-21 19:27:06,517 - main - INFO - Status update: scanning - 90% - Processed 3160 files
2025-10-21 19:27:07,170 - main - INFO - Status update: scanning - 90% - Processed 3170 files
2025-10-21 19:27:08,024 - main - INFO - Status update: scanning - 90% - Processed 3180 files
2025-10-21 19:27:08,813 - main - INFO - Status update: scanning - 90% - Processed 3190 files
2025-10-21 19:27:09,800 - main - INFO - Status update: scanning - 90% - Processed 3200 files
2025-10-21 19:27:11,040 - main - INFO - Status update: scanning - 90% - Processed 3210 files
2025-10-21 19:27:12,145 - main - INFO - Status update: scanning - 90% - Processed 3220 files
2025-10-21 19:27:13,028 - main - INFO - Status update: scanning - 90% - Processed 3230 files
2025-10-21 19:27:14,055 - main - INFO - Status update: scanning - 90% - Processed 3240 files
2025-10-21 19:27:15,216 - main - INFO - Status update: scanning - 90% - Processed 3250 files
2025-10-21 19:27:16,041 - main - INFO - Status update: scanning - 90% - Processed 3260 files
2025-10-21 19:27:16,972 - main - INFO - Status update: scanning - 90% - Processed 3270 files
2025-10-21 19:27:18,021 - main - INFO - Status update: scanning - 90% - Processed 3280 files
2025-10-21 19:27:18,950 - main - INFO - Status update: scanning - 90% - Processed 3290 files
2025-10-21 19:27:19,898 - main - INFO - Status update: scanning - 90% - Processed 3300 files
2025-10-21 19:27:20,754 - main - INFO - Status update: scanning - 90% - Processed 3310 files
2025-10-21 19:27:21,637 - main - INFO - Status update: scanning - 90% - Processed 3320 files
2025-10-21 19:27:22,446 - main - INFO - Status update: scanning - 90% - Processed 3330 files
2025-10-21 19:27:23,338 - main - INFO - Status update: scanning - 90% - Processed 3340 files
2025-10-21 19:27:24,349 - main - INFO - Status update: scanning - 90% - Processed 3350 files
2025-10-21 19:27:25,010 - main - INFO - Status update: scanning - 90% - Processed 3360 files
2025-10-21 19:27:25,672 - main - INFO - Status update: scanning - 90% - Processed 3370 files
2025-10-21 19:27:26,350 - main - INFO - Status update: scanning - 90% - Processed 3380 files
2025-10-21 19:27:27,336 - main - INFO - Status update: scanning - 90% - Processed 3390 files
2025-10-21 19:27:28,268 - main - INFO - Status update: scanning - 90% - Processed 3400 files
2025-10-21 19:27:29,137 - main - INFO - Status update: scanning - 90% - Processed 3410 files
2025-10-21 19:27:30,082 - main - INFO - Status update: scanning - 90% - Processed 3420 files
2025-10-21 19:27:30,990 - main - INFO - Status update: scanning - 90% - Processed 3430 files
2025-10-21 19:27:32,082 - main - INFO - Status update: scanning - 90% - Processed 3440 files
2025-10-21 19:27:33,026 - main - INFO - Status update: scanning - 90% - Processed 3450 files
2025-10-21 19:27:33,850 - main - INFO - Status update: scanning - 90% - Processed 3460 files
2025-10-21 19:27:34,674 - main - INFO - Status update: scanning - 90% - Processed 3470 files
2025-10-21 19:27:35,776 - main - INFO - Status update: scanning - 90% - Processed 3480 files
2025-10-21 19:27:36,597 - main - INFO - Status update: scanning - 90% - Processed 3490 files
2025-10-21 19:27:37,568 - main - INFO - Status update: scanning - 90% - Processed 3500 files
2025-10-21 19:27:38,590 - main - INFO - Status update: scanning - 90% - Processed 3510 files
2025-10-21 19:27:39,598 - main - INFO - Status update: scanning - 90% - Processed 3520 files
2025-10-21 19:27:40,447 - main - INFO - Status update: scanning - 90% - Processed 3530 files
2025-10-21 19:27:41,405 - main - INFO - Status update: scanning - 90% - Processed 3540 files
2025-10-21 19:27:42,159 - main - INFO - Status update: scanning - 90% - Processed 3550 files
2025-10-21 19:27:43,089 - main - INFO - Status update: scanning - 90% - Processed 3560 files
2025-10-21 19:27:44,047 - main - INFO - Status update: scanning - 90% - Processed 3570 files
2025-10-21 19:27:44,997 - main - INFO - Status update: scanning - 90% - Processed 3580 files
2025-10-21 19:27:45,885 - main - INFO - Status update: scanning - 90% - Processed 3590 files
2025-10-21 19:27:46,959 - main - INFO - Status update: scanning - 90% - Processed 3600 files
2025-10-21 19:27:48,015 - main - INFO - Status update: scanning - 90% - Processed 3610 files
2025-10-21 19:27:49,132 - main - INFO - Status update: scanning - 90% - Processed 3620 files
2025-10-21 19:27:49,992 - main - INFO - Status update: scanning - 90% - Processed 3630 files
2025-10-21 19:27:51,060 - main - INFO - Status update: scanning - 90% - Processed 3640 files
2025-10-21 19:27:52,107 - main - INFO - Status update: scanning - 90% - Processed 3650 files
2025-10-21 19:27:53,151 - main - INFO - Status update: scanning - 90% - Processed 3660 files
2025-10-21 19:27:53,965 - main - INFO - Status update: scanning - 90% - Processed 3670 files
2025-10-21 19:27:54,901 - main - INFO - Status update: scanning - 90% - Processed 3680 files
2025-10-21 19:27:55,635 - main - INFO - Status update: scanning - 90% - Processed 3690 files
2025-10-21 19:27:56,617 - main - INFO - Status update: scanning - 90% - Processed 3700 files
2025-10-21 19:27:57,557 - main - INFO - Status update: scanning - 90% - Processed 3710 files
2025-10-21 19:27:58,475 - main - INFO - Status update: scanning - 90% - Processed 3720 files
2025-10-21 19:27:59,753 - main - INFO - Status update: scanning - 90% - Processed 3730 files
2025-10-21 19:28:00,659 - main - INFO - Status update: scanning - 90% - Processed 3740 files
2025-10-21 19:28:01,484 - main - INFO - Status update: scanning - 90% - Processed 3750 files
2025-10-21 19:28:02,386 - main - INFO - Status update: scanning - 90% - Processed 3760 files
2025-10-21 19:28:03,301 - main - INFO - Status update: scanning - 90% - Processed 3770 files
2025-10-21 19:28:04,052 - main - INFO - Status update: scanning - 90% - Processed 3780 files
2025-10-21 19:28:05,064 - main - INFO - Status update: scanning - 90% - Processed 3790 files
2025-10-21 19:28:05,749 - main - INFO - Status update: scanning - 90% - Processed 3800 files
2025-10-21 19:28:06,513 - main - INFO - Status update: scanning - 90% - Processed 3810 files
2025-10-21 19:28:07,199 - main - INFO - Status update: scanning - 90% - Processed 3820 files
2025-10-21 19:28:08,263 - main - INFO - Status update: scanning - 90% - Processed 3830 files
2025-10-21 19:28:09,355 - main - INFO - Status update: scanning - 90% - Processed 3840 files
2025-10-21 19:28:10,348 - main - INFO - Status update: scanning - 90% - Processed 3850 files
2025-10-21 19:28:11,023 - main - INFO - Status update: scanning - 90% - Processed 3860 files
2025-10-21 19:28:12,026 - main - INFO - Status update: scanning - 90% - Processed 3870 files
2025-10-21 19:28:12,950 - main - INFO - Status update: scanning - 90% - Processed 3880 files
2025-10-21 19:28:13,775 - main - INFO - Status update: scanning - 90% - Processed 3890 files
2025-10-21 19:28:14,716 - main - INFO - Status update: scanning - 90% - Processed 3900 files
2025-10-21 19:28:15,607 - main - INFO - Status update: scanning - 90% - Processed 3910 files
