2025-10-12 16:30:06,363 - main - INFO - Starting Intelligent File Organizer backend...
2025-10-12 16:30:06,369 - main - INFO - Backend initialization complete
2025-10-12 16:30:07,250 - main - INFO - Status update: scanning - 0% - Scanning E:\
2025-10-12 16:30:07,386 - main - INFO - Status update: scanning - 9% - Processed 10 files
2025-10-12 16:30:07,673 - main - INFO - Status update: scanning - 18% - Processed 20 files
2025-10-12 16:30:07,861 - main - INFO - Status update: scanning - 27% - Processed 30 files
2025-10-12 16:30:07,886 - main - INFO - Status update: scanning - 36% - Processed 40 files
2025-10-12 16:30:07,919 - main - INFO - Status update: scanning - 45% - Processed 50 files
2025-10-12 16:30:08,451 - main - INFO - Status update: scanning - 54% - Processed 60 files
2025-10-12 16:30:08,582 - main - INFO - Status update: scanning - 62% - Processed 70 files
2025-10-12 16:30:08,739 - main - INFO - Status update: scanning - 72% - Processed 80 files
2025-10-12 16:30:08,983 - main - INFO - Status update: scanning - 81% - Processed 90 files
2025-10-12 16:30:09,023 - main - INFO - Status update: scanning - 90% - Processed 100 files
2025-10-12 16:30:09,134 - main - INFO - Status update: scanning - 90% - Processed 110 files
2025-10-12 16:30:09,242 - main - INFO - Status update: scanning - 90% - Processed 120 files
2025-10-12 16:30:09,406 - main - INFO - Status update: scanning - 90% - Processed 130 files
2025-10-12 16:30:09,560 - main - INFO - Status update: scanning - 90% - Processed 140 files
2025-10-12 16:30:09,797 - main - INFO - Status update: scanning - 90% - Processed 150 files
2025-10-12 16:30:09,920 - main - INFO - Status update: scanning - 90% - Processed 160 files
2025-10-12 16:30:09,947 - main - INFO - Status update: scanning - 90% - Processed 170 files
2025-10-12 16:30:09,980 - main - INFO - Status update: scanning - 90% - Processed 180 files
2025-10-12 16:30:10,379 - main - INFO - Status update: scanning - 90% - Processed 190 files
2025-10-12 16:30:10,604 - main - INFO - Status update: scanning - 90% - Processed 200 files
2025-10-12 16:30:10,687 - main - INFO - Status update: scanning - 90% - Processed 210 files
2025-10-12 16:30:10,789 - main - INFO - Status update: scanning - 90% - Processed 220 files
2025-10-12 16:30:10,863 - main - INFO - Status update: scanning - 90% - Processed 230 files
2025-10-12 16:30:11,022 - main - INFO - Status update: scanning - 90% - Processed 240 files
2025-10-12 16:30:11,456 - main - INFO - Status update: scanning - 90% - Processed 250 files
2025-10-12 16:30:11,535 - main - INFO - Status update: scanning - 90% - Processed 260 files
2025-10-12 16:30:11,630 - main - INFO - Status update: scanning - 90% - Processed 270 files
2025-10-12 16:30:11,751 - main - INFO - Status update: scanning - 90% - Processed 280 files
2025-10-12 16:30:11,939 - main - INFO - Status update: scanning - 90% - Processed 290 files
2025-10-12 16:30:12,053 - main - INFO - Status update: scanning - 90% - Processed 300 files
2025-10-12 16:30:12,224 - main - INFO - Status update: scanning - 90% - Processed 310 files
2025-10-12 16:30:12,246 - main - INFO - Status update: scanning - 90% - Processed 320 files
2025-10-12 16:30:12,277 - main - INFO - Status update: scanning - 90% - Processed 330 files
2025-10-12 16:30:12,306 - main - INFO - Status update: scanning - 90% - Processed 340 files
2025-10-12 16:30:12,336 - main - INFO - Status update: scanning - 90% - Processed 350 files
2025-10-12 16:30:12,372 - main - INFO - Status update: scanning - 90% - Processed 360 files
2025-10-12 16:30:12,402 - main - INFO - Status update: scanning - 90% - Processed 370 files
2025-10-12 16:30:12,434 - main - INFO - Status update: scanning - 90% - Processed 380 files
2025-10-12 16:30:12,466 - main - INFO - Status update: scanning - 90% - Processed 390 files
2025-10-12 16:30:12,491 - main - INFO - Status update: scanning - 90% - Processed 400 files
2025-10-12 16:30:12,518 - main - INFO - Status update: scanning - 90% - Processed 410 files
2025-10-12 16:30:12,551 - main - INFO - Status update: scanning - 90% - Processed 420 files
2025-10-12 16:30:12,578 - main - INFO - Status update: scanning - 90% - Processed 430 files
2025-10-12 16:30:12,609 - main - INFO - Status update: scanning - 90% - Processed 440 files
2025-10-12 16:30:12,635 - main - INFO - Status update: scanning - 90% - Processed 450 files
2025-10-12 16:30:12,668 - main - INFO - Status update: scanning - 90% - Processed 460 files
2025-10-12 16:30:12,696 - main - INFO - Status update: scanning - 90% - Processed 470 files
2025-10-12 16:30:12,731 - main - INFO - Status update: scanning - 90% - Processed 480 files
2025-10-12 16:30:12,754 - main - INFO - Status update: scanning - 90% - Processed 490 files
2025-10-12 16:30:12,774 - main - INFO - Status update: scanning - 90% - Processed 500 files
2025-10-12 16:30:12,800 - main - INFO - Status update: scanning - 90% - Processed 510 files
2025-10-12 16:30:12,835 - main - INFO - Status update: scanning - 90% - Processed 520 files
2025-10-12 16:30:12,864 - main - INFO - Status update: scanning - 90% - Processed 530 files
2025-10-12 16:30:12,885 - main - INFO - Status update: scanning - 90% - Processed 540 files
2025-10-12 16:30:12,918 - main - INFO - Status update: scanning - 90% - Processed 550 files
2025-10-12 16:30:12,947 - main - INFO - Status update: scanning - 90% - Processed 560 files
2025-10-12 16:30:12,967 - main - INFO - Status update: scanning - 90% - Processed 570 files
2025-10-12 16:30:12,987 - main - INFO - Status update: scanning - 90% - Processed 580 files
2025-10-12 16:30:13,009 - main - INFO - Status update: scanning - 90% - Processed 590 files
2025-10-12 16:30:13,032 - main - INFO - Status update: scanning - 90% - Processed 600 files
2025-10-12 16:30:13,060 - main - INFO - Status update: scanning - 90% - Processed 610 files
2025-10-12 16:30:13,083 - main - INFO - Status update: scanning - 90% - Processed 620 files
2025-10-12 16:30:13,103 - main - INFO - Status update: scanning - 90% - Processed 630 files
2025-10-12 16:30:13,128 - main - INFO - Status update: scanning - 90% - Processed 640 files
2025-10-12 16:30:13,155 - main - INFO - Status update: scanning - 90% - Processed 650 files
2025-10-12 16:30:13,178 - main - INFO - Status update: scanning - 90% - Processed 660 files
2025-10-12 16:30:13,200 - main - INFO - Status update: scanning - 90% - Processed 670 files
2025-10-12 16:30:13,224 - main - INFO - Status update: scanning - 90% - Processed 680 files
2025-10-12 16:30:13,249 - main - INFO - Status update: scanning - 90% - Processed 690 files
2025-10-12 16:30:13,269 - main - INFO - Status update: scanning - 90% - Processed 700 files
2025-10-12 16:30:13,296 - main - INFO - Status update: scanning - 90% - Processed 710 files
2025-10-12 16:30:13,319 - main - INFO - Status update: scanning - 90% - Processed 720 files
2025-10-12 16:30:13,339 - main - INFO - Status update: scanning - 90% - Processed 730 files
2025-10-12 16:30:13,363 - main - INFO - Status update: scanning - 90% - Processed 740 files
2025-10-12 16:30:13,382 - main - INFO - Status update: scanning - 90% - Processed 750 files
2025-10-12 16:30:13,401 - main - INFO - Status update: scanning - 90% - Processed 760 files
2025-10-12 16:30:13,421 - main - INFO - Status update: scanning - 90% - Processed 770 files
2025-10-12 16:30:13,443 - main - INFO - Status update: scanning - 90% - Processed 780 files
2025-10-12 16:30:13,471 - main - INFO - Status update: scanning - 90% - Processed 790 files
2025-10-12 16:30:13,500 - main - INFO - Status update: scanning - 90% - Processed 800 files
2025-10-12 16:30:13,523 - main - INFO - Status update: scanning - 90% - Processed 810 files
2025-10-12 16:30:13,553 - main - INFO - Status update: scanning - 90% - Processed 820 files
2025-10-12 16:30:13,578 - main - INFO - Status update: scanning - 90% - Processed 830 files
2025-10-12 16:30:13,601 - main - INFO - Status update: scanning - 90% - Processed 840 files
2025-10-12 16:30:13,627 - main - INFO - Status update: scanning - 90% - Processed 850 files
2025-10-12 16:30:13,651 - main - INFO - Status update: scanning - 90% - Processed 860 files
2025-10-12 16:30:13,677 - main - INFO - Status update: scanning - 90% - Processed 870 files
2025-10-12 16:30:13,706 - main - INFO - Status update: scanning - 90% - Processed 880 files
2025-10-12 16:30:13,727 - main - INFO - Status update: scanning - 90% - Processed 890 files
2025-10-12 16:30:13,754 - main - INFO - Status update: scanning - 90% - Processed 900 files
2025-10-12 16:30:13,785 - main - INFO - Status update: scanning - 90% - Processed 910 files
2025-10-12 16:30:13,811 - main - INFO - Status update: scanning - 90% - Processed 920 files
2025-10-12 16:30:13,837 - main - INFO - Status update: scanning - 90% - Processed 930 files
2025-10-12 16:30:13,861 - main - INFO - Status update: scanning - 90% - Processed 940 files
2025-10-12 16:30:13,889 - main - INFO - Status update: scanning - 90% - Processed 950 files
2025-10-12 16:30:13,907 - main - INFO - Status update: scanning - 90% - Processed 960 files
2025-10-12 16:30:13,929 - main - INFO - Status update: scanning - 90% - Processed 970 files
2025-10-12 16:30:13,952 - main - INFO - Status update: scanning - 90% - Processed 980 files
2025-10-12 16:30:13,974 - main - INFO - Status update: scanning - 90% - Processed 990 files
2025-10-12 16:30:13,995 - main - INFO - Status update: scanning - 90% - Processed 1000 files
2025-10-12 16:30:14,030 - main - INFO - Status update: scanning - 90% - Processed 1010 files
2025-10-12 16:30:14,058 - main - INFO - Status update: scanning - 90% - Processed 1020 files
2025-10-12 16:30:14,087 - main - INFO - Status update: scanning - 90% - Processed 1030 files
2025-10-12 16:30:14,116 - main - INFO - Status update: scanning - 90% - Processed 1040 files
2025-10-12 16:30:14,143 - main - INFO - Status update: scanning - 90% - Processed 1050 files
2025-10-12 16:30:14,168 - main - INFO - Status update: scanning - 90% - Processed 1060 files
2025-10-12 16:30:14,190 - main - INFO - Status update: scanning - 90% - Processed 1070 files
2025-10-12 16:30:14,213 - main - INFO - Status update: scanning - 90% - Processed 1080 files
2025-10-12 16:30:14,234 - main - INFO - Status update: scanning - 90% - Processed 1090 files
2025-10-12 16:30:14,255 - main - INFO - Status update: scanning - 90% - Processed 1100 files
2025-10-12 16:30:14,279 - main - INFO - Status update: scanning - 90% - Processed 1110 files
2025-10-12 16:30:14,303 - main - INFO - Status update: scanning - 90% - Processed 1120 files
2025-10-12 16:30:14,325 - main - INFO - Status update: scanning - 90% - Processed 1130 files
2025-10-12 16:30:14,348 - main - INFO - Status update: scanning - 90% - Processed 1140 files
2025-10-12 16:30:14,369 - main - INFO - Status update: scanning - 90% - Processed 1150 files
2025-10-12 16:30:14,395 - main - INFO - Status update: scanning - 90% - Processed 1160 files
2025-10-12 16:30:14,418 - main - INFO - Status update: scanning - 90% - Processed 1170 files
2025-10-12 16:30:14,442 - main - INFO - Status update: scanning - 90% - Processed 1180 files
2025-10-12 16:30:14,466 - main - INFO - Status update: scanning - 90% - Processed 1190 files
2025-10-12 16:30:14,492 - main - INFO - Status update: scanning - 90% - Processed 1200 files
2025-10-12 16:30:14,517 - main - INFO - Status update: scanning - 90% - Processed 1210 files
2025-10-12 16:30:14,540 - main - INFO - Status update: scanning - 90% - Processed 1220 files
2025-10-12 16:30:14,563 - main - INFO - Status update: scanning - 90% - Processed 1230 files
2025-10-12 16:30:14,584 - main - INFO - Status update: scanning - 90% - Processed 1240 files
2025-10-12 16:30:14,606 - main - INFO - Status update: scanning - 90% - Processed 1250 files
2025-10-12 16:30:14,627 - main - INFO - Status update: scanning - 90% - Processed 1260 files
2025-10-12 16:30:14,651 - main - INFO - Status update: scanning - 90% - Processed 1270 files
2025-10-12 16:30:14,674 - main - INFO - Status update: scanning - 90% - Processed 1280 files
2025-10-12 16:30:14,699 - main - INFO - Status update: scanning - 90% - Processed 1290 files
2025-10-12 16:30:14,726 - main - INFO - Status update: scanning - 90% - Processed 1300 files
2025-10-12 16:30:14,753 - main - INFO - Status update: scanning - 90% - Processed 1310 files
2025-10-12 16:30:14,775 - main - INFO - Status update: scanning - 90% - Processed 1320 files
2025-10-12 16:30:14,799 - main - INFO - Status update: scanning - 90% - Processed 1330 files
2025-10-12 16:30:14,826 - main - INFO - Status update: scanning - 90% - Processed 1340 files
2025-10-12 16:30:14,854 - main - INFO - Status update: scanning - 90% - Processed 1350 files
2025-10-12 16:30:14,882 - main - INFO - Status update: scanning - 90% - Processed 1360 files
2025-10-12 16:30:14,909 - main - INFO - Status update: scanning - 90% - Processed 1370 files
2025-10-12 16:30:14,929 - main - INFO - Status update: scanning - 90% - Processed 1380 files
2025-10-12 16:30:14,956 - main - INFO - Status update: scanning - 90% - Processed 1390 files
2025-10-12 16:30:14,976 - main - INFO - Status update: scanning - 90% - Processed 1400 files
2025-10-12 16:30:15,023 - main - INFO - Status update: scanning - 90% - Processed 1410 files
2025-10-12 16:30:15,043 - main - INFO - Status update: scanning - 90% - Processed 1420 files
2025-10-12 16:30:15,065 - main - INFO - Status update: scanning - 90% - Processed 1430 files
2025-10-12 16:30:15,111 - main - INFO - Status update: scanning - 90% - Processed 1440 files
2025-10-12 16:30:15,131 - main - INFO - Status update: scanning - 90% - Processed 1450 files
2025-10-12 16:30:15,154 - main - INFO - Status update: scanning - 90% - Processed 1460 files
2025-10-12 16:30:15,194 - main - INFO - Status update: scanning - 90% - Processed 1470 files
2025-10-12 16:30:15,220 - main - INFO - Status update: scanning - 90% - Processed 1480 files
2025-10-12 16:30:15,247 - main - INFO - Status update: scanning - 90% - Processed 1490 files
2025-10-12 16:30:15,270 - main - INFO - Status update: scanning - 90% - Processed 1500 files
2025-10-12 16:30:15,299 - main - INFO - Status update: scanning - 90% - Processed 1510 files
2025-10-12 16:30:15,323 - main - INFO - Status update: scanning - 90% - Processed 1520 files
2025-10-12 16:30:15,360 - main - INFO - Status update: scanning - 90% - Processed 1530 files
2025-10-12 16:30:15,386 - main - INFO - Status update: scanning - 90% - Processed 1540 files
2025-10-12 16:30:15,422 - main - INFO - Status update: scanning - 90% - Processed 1550 files
2025-10-12 16:30:15,448 - main - INFO - Status update: scanning - 90% - Processed 1560 files
2025-10-12 16:30:15,470 - main - INFO - Status update: scanning - 90% - Processed 1570 files
2025-10-12 16:30:15,490 - main - INFO - Status update: scanning - 90% - Processed 1580 files
2025-10-12 16:30:15,515 - main - INFO - Status update: scanning - 90% - Processed 1590 files
2025-10-12 16:30:15,546 - main - INFO - Status update: scanning - 90% - Processed 1600 files
2025-10-12 16:30:15,570 - main - INFO - Status update: scanning - 90% - Processed 1610 files
2025-10-12 16:30:15,614 - main - INFO - Status update: scanning - 90% - Processed 1620 files
2025-10-12 16:30:15,649 - main - INFO - Status update: scanning - 90% - Processed 1630 files
2025-10-12 16:30:15,686 - main - INFO - Status update: scanning - 90% - Processed 1640 files
2025-10-12 16:30:15,712 - main - INFO - Status update: scanning - 90% - Processed 1650 files
2025-10-12 16:30:15,736 - main - INFO - Status update: scanning - 90% - Processed 1660 files
2025-10-12 16:30:15,849 - main - INFO - Status update: scanning - 90% - Processed 1670 files
2025-10-12 16:30:15,876 - main - INFO - Status update: scanning - 90% - Processed 1680 files
2025-10-12 16:30:16,019 - main - INFO - Status update: scanning - 90% - Processed 1690 files
2025-10-12 16:30:16,060 - main - INFO - Status update: scanning - 90% - Processed 1700 files
2025-10-12 16:30:16,075 - main - INFO - Status update: scanning - 90% - Processed 1710 files
2025-10-12 16:30:16,090 - main - INFO - Status update: scanning - 90% - Processed 1720 files
2025-10-12 16:30:16,116 - main - INFO - Status update: scanning - 90% - Processed 1730 files
2025-10-12 16:30:16,136 - main - INFO - Status update: scanning - 90% - Processed 1740 files
2025-10-12 16:30:16,168 - main - INFO - Status update: scanning - 90% - Processed 1750 files
2025-10-12 16:30:16,191 - main - INFO - Status update: scanning - 90% - Processed 1760 files
2025-10-12 16:30:16,214 - main - INFO - Status update: scanning - 90% - Processed 1770 files
2025-10-12 16:30:16,236 - main - INFO - Status update: scanning - 90% - Processed 1780 files
2025-10-12 16:30:16,262 - main - INFO - Status update: scanning - 90% - Processed 1790 files
2025-10-12 16:30:16,287 - main - INFO - Status update: scanning - 90% - Processed 1800 files
2025-10-12 16:30:16,307 - main - INFO - Status update: scanning - 90% - Processed 1810 files
2025-10-12 16:30:16,327 - main - INFO - Status update: scanning - 90% - Processed 1820 files
2025-10-12 16:30:16,346 - main - INFO - Status update: scanning - 90% - Processed 1830 files
2025-10-12 16:30:16,368 - main - INFO - Status update: scanning - 90% - Processed 1840 files
2025-10-12 16:30:16,393 - main - INFO - Status update: scanning - 90% - Processed 1850 files
2025-10-12 16:30:16,417 - main - INFO - Status update: scanning - 90% - Processed 1860 files
2025-10-12 16:30:16,442 - main - INFO - Status update: scanning - 90% - Processed 1870 files
2025-10-12 16:30:16,467 - main - INFO - Status update: scanning - 90% - Processed 1880 files
2025-10-12 16:30:16,487 - main - INFO - Status update: scanning - 90% - Processed 1890 files
2025-10-12 16:30:16,509 - main - INFO - Status update: scanning - 90% - Processed 1900 files
2025-10-12 16:30:16,535 - main - INFO - Status update: scanning - 90% - Processed 1910 files
2025-10-12 16:30:16,555 - main - INFO - Status update: scanning - 90% - Processed 1920 files
2025-10-12 16:30:16,584 - main - INFO - Status update: scanning - 90% - Processed 1930 files
2025-10-12 16:30:16,610 - main - INFO - Status update: scanning - 90% - Processed 1940 files
2025-10-12 16:30:16,632 - main - INFO - Status update: scanning - 90% - Processed 1950 files
2025-10-12 16:30:16,663 - main - INFO - Status update: scanning - 90% - Processed 1960 files
2025-10-12 16:30:16,689 - main - INFO - Status update: scanning - 90% - Processed 1970 files
2025-10-12 16:30:16,714 - main - INFO - Status update: scanning - 90% - Processed 1980 files
2025-10-12 16:30:16,737 - main - INFO - Status update: scanning - 90% - Processed 1990 files
2025-10-12 16:30:16,765 - main - INFO - Status update: scanning - 90% - Processed 2000 files
2025-10-12 16:30:16,788 - main - INFO - Status update: scanning - 90% - Processed 2010 files
2025-10-12 16:30:16,809 - main - INFO - Status update: scanning - 90% - Processed 2020 files
2025-10-12 16:30:16,830 - main - INFO - Status update: scanning - 90% - Processed 2030 files
2025-10-12 16:30:16,850 - main - INFO - Status update: scanning - 90% - Processed 2040 files
2025-10-12 16:30:16,874 - main - INFO - Status update: scanning - 90% - Processed 2050 files
2025-10-12 16:30:16,898 - main - INFO - Status update: scanning - 90% - Processed 2060 files
2025-10-12 16:30:16,919 - main - INFO - Status update: scanning - 90% - Processed 2070 files
2025-10-12 16:30:16,944 - main - INFO - Status update: scanning - 90% - Processed 2080 files
2025-10-12 16:30:16,969 - main - INFO - Status update: scanning - 90% - Processed 2090 files
2025-10-12 16:30:16,995 - main - INFO - Status update: scanning - 90% - Processed 2100 files
2025-10-12 16:30:17,021 - main - INFO - Status update: scanning - 90% - Processed 2110 files
2025-10-12 16:30:17,048 - main - INFO - Status update: scanning - 90% - Processed 2120 files
2025-10-12 16:30:17,071 - main - INFO - Status update: scanning - 90% - Processed 2130 files
2025-10-12 16:30:17,095 - main - INFO - Status update: scanning - 90% - Processed 2140 files
2025-10-12 16:30:17,124 - main - INFO - Status update: scanning - 90% - Processed 2150 files
2025-10-12 16:30:17,154 - main - INFO - Status update: scanning - 90% - Processed 2160 files
2025-10-12 16:30:17,180 - main - INFO - Status update: scanning - 90% - Processed 2170 files
2025-10-12 16:30:17,199 - main - INFO - Status update: scanning - 90% - Processed 2180 files
2025-10-12 16:30:17,224 - main - INFO - Status update: scanning - 90% - Processed 2190 files
2025-10-12 16:30:17,244 - main - INFO - Status update: scanning - 90% - Processed 2200 files
2025-10-12 16:30:17,266 - main - INFO - Status update: scanning - 90% - Processed 2210 files
2025-10-12 16:30:17,289 - main - INFO - Status update: scanning - 90% - Processed 2220 files
2025-10-12 16:30:17,309 - main - INFO - Status update: scanning - 90% - Processed 2230 files
2025-10-12 16:30:17,336 - main - INFO - Status update: scanning - 90% - Processed 2240 files
2025-10-12 16:30:17,358 - main - INFO - Status update: scanning - 90% - Processed 2250 files
2025-10-12 16:30:17,381 - main - INFO - Status update: scanning - 90% - Processed 2260 files
2025-10-12 16:30:17,401 - main - INFO - Status update: scanning - 90% - Processed 2270 files
2025-10-12 16:30:17,420 - main - INFO - Status update: scanning - 90% - Processed 2280 files
2025-10-12 16:30:17,442 - main - INFO - Status update: scanning - 90% - Processed 2290 files
2025-10-12 16:30:17,464 - main - INFO - Status update: scanning - 90% - Processed 2300 files
2025-10-12 16:30:17,486 - main - INFO - Status update: scanning - 90% - Processed 2310 files
2025-10-12 16:30:17,517 - main - INFO - Status update: scanning - 90% - Processed 2320 files
2025-10-12 16:30:17,545 - main - INFO - Status update: scanning - 90% - Processed 2330 files
2025-10-12 16:30:17,570 - main - INFO - Status update: scanning - 90% - Processed 2340 files
2025-10-12 16:30:17,592 - main - INFO - Status update: scanning - 90% - Processed 2350 files
2025-10-12 16:30:17,617 - main - INFO - Status update: scanning - 90% - Processed 2360 files
2025-10-12 16:30:17,639 - main - INFO - Status update: scanning - 90% - Processed 2370 files
2025-10-12 16:30:17,659 - main - INFO - Status update: scanning - 90% - Processed 2380 files
2025-10-12 16:30:17,685 - main - INFO - Status update: scanning - 90% - Processed 2390 files
2025-10-12 16:30:17,709 - main - INFO - Status update: scanning - 90% - Processed 2400 files
2025-10-12 16:30:17,731 - main - INFO - Status update: scanning - 90% - Processed 2410 files
2025-10-12 16:30:17,750 - main - INFO - Status update: scanning - 90% - Processed 2420 files
2025-10-12 16:30:17,771 - main - INFO - Status update: scanning - 90% - Processed 2430 files
2025-10-12 16:30:17,792 - main - INFO - Status update: scanning - 90% - Processed 2440 files
2025-10-12 16:30:17,817 - main - INFO - Status update: scanning - 90% - Processed 2450 files
2025-10-12 16:30:17,837 - main - INFO - Status update: scanning - 90% - Processed 2460 files
2025-10-12 16:30:17,857 - main - INFO - Status update: scanning - 90% - Processed 2470 files
2025-10-12 16:30:17,881 - main - INFO - Status update: scanning - 90% - Processed 2480 files
2025-10-12 16:30:17,904 - main - INFO - Status update: scanning - 90% - Processed 2490 files
2025-10-12 16:30:17,927 - main - INFO - Status update: scanning - 90% - Processed 2500 files
2025-10-12 16:30:17,953 - main - INFO - Status update: scanning - 90% - Processed 2510 files
2025-10-12 16:30:17,974 - main - INFO - Status update: scanning - 90% - Processed 2520 files
2025-10-12 16:30:17,997 - main - INFO - Status update: scanning - 90% - Processed 2530 files
2025-10-12 16:30:18,019 - main - INFO - Status update: scanning - 90% - Processed 2540 files
2025-10-12 16:30:18,041 - main - INFO - Status update: scanning - 90% - Processed 2550 files
2025-10-12 16:30:18,064 - main - INFO - Status update: scanning - 90% - Processed 2560 files
2025-10-12 16:30:18,083 - main - INFO - Status update: scanning - 90% - Processed 2570 files
2025-10-12 16:30:18,106 - main - INFO - Status update: scanning - 90% - Processed 2580 files
2025-10-12 16:30:18,127 - main - INFO - Status update: scanning - 90% - Processed 2590 files
2025-10-12 16:30:18,150 - main - INFO - Status update: scanning - 90% - Processed 2600 files
2025-10-12 16:30:18,175 - main - INFO - Status update: scanning - 90% - Processed 2610 files
2025-10-12 16:30:18,198 - main - INFO - Status update: scanning - 90% - Processed 2620 files
2025-10-12 16:30:18,222 - main - INFO - Status update: scanning - 90% - Processed 2630 files
2025-10-12 16:30:18,245 - main - INFO - Status update: scanning - 90% - Processed 2640 files
2025-10-12 16:30:18,264 - main - INFO - Status update: scanning - 90% - Processed 2650 files
2025-10-12 16:30:18,290 - main - INFO - Status update: scanning - 90% - Processed 2660 files
2025-10-12 16:30:18,316 - main - INFO - Status update: scanning - 90% - Processed 2670 files
2025-10-12 16:30:18,339 - main - INFO - Status update: scanning - 90% - Processed 2680 files
2025-10-12 16:30:18,365 - main - INFO - Status update: scanning - 90% - Processed 2690 files
2025-10-12 16:30:18,389 - main - INFO - Status update: scanning - 90% - Processed 2700 files
2025-10-12 16:30:18,415 - main - INFO - Status update: scanning - 90% - Processed 2710 files
2025-10-12 16:30:18,442 - main - INFO - Status update: scanning - 90% - Processed 2720 files
2025-10-12 16:30:18,467 - main - INFO - Status update: scanning - 90% - Processed 2730 files
2025-10-12 16:30:18,492 - main - INFO - Status update: scanning - 90% - Processed 2740 files
2025-10-12 16:30:18,518 - main - INFO - Status update: scanning - 90% - Processed 2750 files
2025-10-12 16:30:18,539 - main - INFO - Status update: scanning - 90% - Processed 2760 files
2025-10-12 16:30:18,561 - main - INFO - Status update: scanning - 90% - Processed 2770 files
2025-10-12 16:30:18,586 - main - INFO - Status update: scanning - 90% - Processed 2780 files
2025-10-12 16:30:18,610 - main - INFO - Status update: scanning - 90% - Processed 2790 files
2025-10-12 16:30:18,635 - main - INFO - Status update: scanning - 90% - Processed 2800 files
2025-10-12 16:30:18,658 - main - INFO - Status update: scanning - 90% - Processed 2810 files
2025-10-12 16:30:18,681 - main - INFO - Status update: scanning - 90% - Processed 2820 files
2025-10-12 16:30:18,712 - main - INFO - Status update: scanning - 90% - Processed 2830 files
2025-10-12 16:30:18,736 - main - INFO - Status update: scanning - 90% - Processed 2840 files
2025-10-12 16:30:18,758 - main - INFO - Status update: scanning - 90% - Processed 2850 files
2025-10-12 16:30:18,780 - main - INFO - Status update: scanning - 90% - Processed 2860 files
2025-10-12 16:30:18,800 - main - INFO - Status update: scanning - 90% - Processed 2870 files
2025-10-12 16:30:18,823 - main - INFO - Status update: scanning - 90% - Processed 2880 files
2025-10-12 16:30:18,845 - main - INFO - Status update: scanning - 90% - Processed 2890 files
2025-10-12 16:30:18,867 - main - INFO - Status update: scanning - 90% - Processed 2900 files
2025-10-12 16:30:18,890 - main - INFO - Status update: scanning - 90% - Processed 2910 files
2025-10-12 16:30:18,915 - main - INFO - Status update: scanning - 90% - Processed 2920 files
2025-10-12 16:30:18,936 - main - INFO - Status update: scanning - 90% - Processed 2930 files
2025-10-12 16:30:18,962 - main - INFO - Status update: scanning - 90% - Processed 2940 files
2025-10-12 16:30:18,984 - main - INFO - Status update: scanning - 90% - Processed 2950 files
2025-10-12 16:30:19,009 - main - INFO - Status update: scanning - 90% - Processed 2960 files
2025-10-12 16:30:19,032 - main - INFO - Status update: scanning - 90% - Processed 2970 files
2025-10-12 16:30:19,052 - main - INFO - Status update: scanning - 90% - Processed 2980 files
2025-10-12 16:30:19,079 - main - INFO - Status update: scanning - 90% - Processed 2990 files
2025-10-12 16:30:19,104 - main - INFO - Status update: scanning - 90% - Processed 3000 files
2025-10-12 16:30:19,126 - main - INFO - Status update: scanning - 90% - Processed 3010 files
2025-10-12 16:30:19,149 - main - INFO - Status update: scanning - 90% - Processed 3020 files
2025-10-12 16:30:19,172 - main - INFO - Status update: scanning - 90% - Processed 3030 files
2025-10-12 16:30:19,196 - main - INFO - Status update: scanning - 90% - Processed 3040 files
2025-10-12 16:30:19,220 - main - INFO - Status update: scanning - 90% - Processed 3050 files
2025-10-12 16:30:19,242 - main - INFO - Status update: scanning - 90% - Processed 3060 files
2025-10-12 16:30:19,264 - main - INFO - Status update: scanning - 90% - Processed 3070 files
2025-10-12 16:30:19,293 - main - INFO - Status update: scanning - 90% - Processed 3080 files
2025-10-12 16:30:19,330 - main - INFO - Status update: scanning - 90% - Processed 3090 files
2025-10-12 16:30:19,353 - main - INFO - Status update: scanning - 90% - Processed 3100 files
2025-10-12 16:30:19,390 - main - INFO - Status update: scanning - 90% - Processed 3110 files
2025-10-12 16:30:19,418 - main - INFO - Status update: scanning - 90% - Processed 3120 files
2025-10-12 16:30:19,444 - main - INFO - Status update: scanning - 90% - Processed 3130 files
2025-10-12 16:30:19,470 - main - INFO - Status update: scanning - 90% - Processed 3140 files
2025-10-12 16:30:19,492 - main - INFO - Status update: scanning - 90% - Processed 3150 files
2025-10-12 16:30:19,517 - main - INFO - Status update: scanning - 90% - Processed 3160 files
2025-10-12 16:30:19,559 - main - INFO - Status update: scanning - 90% - Processed 3170 files
2025-10-12 16:30:19,578 - main - INFO - Status update: scanning - 90% - Processed 3180 files
2025-10-12 16:30:19,603 - main - INFO - Status update: scanning - 90% - Processed 3190 files
2025-10-12 16:30:19,628 - main - INFO - Status update: scanning - 90% - Processed 3200 files
2025-10-12 16:30:19,655 - main - INFO - Status update: scanning - 90% - Processed 3210 files
2025-10-12 16:30:19,682 - main - INFO - Status update: scanning - 90% - Processed 3220 files
2025-10-12 16:30:19,708 - main - INFO - Status update: scanning - 90% - Processed 3230 files
2025-10-12 16:30:19,729 - main - INFO - Status update: scanning - 90% - Processed 3240 files
2025-10-12 16:30:19,753 - main - INFO - Status update: scanning - 90% - Processed 3250 files
2025-10-12 16:30:19,775 - main - INFO - Status update: scanning - 90% - Processed 3260 files
2025-10-12 16:30:19,796 - main - INFO - Status update: scanning - 90% - Processed 3270 files
2025-10-12 16:30:19,817 - main - INFO - Status update: scanning - 90% - Processed 3280 files
2025-10-12 16:30:19,843 - main - INFO - Status update: scanning - 90% - Processed 3290 files
2025-10-12 16:30:19,883 - main - INFO - Status update: scanning - 90% - Processed 3300 files
2025-10-12 16:30:19,918 - main - INFO - Status update: scanning - 90% - Processed 3310 files
2025-10-12 16:30:19,943 - main - INFO - Status update: scanning - 90% - Processed 3320 files
2025-10-12 16:30:19,973 - main - INFO - Status update: scanning - 90% - Processed 3330 files
2025-10-12 16:30:19,998 - main - INFO - Status update: scanning - 90% - Processed 3340 files
2025-10-12 16:30:20,023 - main - INFO - Status update: scanning - 90% - Processed 3350 files
2025-10-12 16:30:20,046 - main - INFO - Status update: scanning - 90% - Processed 3360 files
2025-10-12 16:30:20,073 - main - INFO - Status update: scanning - 90% - Processed 3370 files
2025-10-12 16:30:20,098 - main - INFO - Status update: scanning - 90% - Processed 3380 files
2025-10-12 16:30:20,124 - main - INFO - Status update: scanning - 90% - Processed 3390 files
2025-10-12 16:30:20,149 - main - INFO - Status update: scanning - 90% - Processed 3400 files
2025-10-12 16:30:20,174 - main - INFO - Status update: scanning - 90% - Processed 3410 files
2025-10-12 16:30:20,198 - main - INFO - Status update: scanning - 90% - Processed 3420 files
2025-10-12 16:30:20,222 - main - INFO - Status update: scanning - 90% - Processed 3430 files
2025-10-12 16:30:20,247 - main - INFO - Status update: scanning - 90% - Processed 3440 files
2025-10-12 16:30:20,271 - main - INFO - Status update: scanning - 90% - Processed 3450 files
2025-10-12 16:30:20,294 - main - INFO - Status update: scanning - 90% - Processed 3460 files
2025-10-12 16:30:20,319 - main - INFO - Status update: scanning - 90% - Processed 3470 files
2025-10-12 16:30:20,355 - main - INFO - Status update: scanning - 90% - Processed 3480 files
2025-10-12 16:30:20,390 - main - INFO - Status update: scanning - 90% - Processed 3490 files
2025-10-12 16:30:20,421 - main - INFO - Status update: scanning - 90% - Processed 3500 files
2025-10-12 16:30:20,444 - main - INFO - Status update: scanning - 90% - Processed 3510 files
2025-10-12 16:30:20,477 - main - INFO - Status update: scanning - 90% - Processed 3520 files
2025-10-12 16:30:20,500 - main - INFO - Status update: scanning - 90% - Processed 3530 files
2025-10-12 16:30:20,532 - main - INFO - Status update: scanning - 90% - Processed 3540 files
2025-10-12 16:30:20,561 - main - INFO - Status update: scanning - 90% - Processed 3550 files
2025-10-12 16:30:20,592 - main - INFO - Status update: scanning - 90% - Processed 3560 files
2025-10-12 16:30:20,620 - main - INFO - Status update: scanning - 90% - Processed 3570 files
2025-10-12 16:30:20,652 - main - INFO - Status update: scanning - 90% - Processed 3580 files
2025-10-12 16:30:20,682 - main - INFO - Status update: scanning - 90% - Processed 3590 files
2025-10-12 16:30:20,712 - main - INFO - Status update: scanning - 90% - Processed 3600 files
2025-10-12 16:30:20,738 - main - INFO - Status update: scanning - 90% - Processed 3610 files
2025-10-12 16:30:20,759 - main - INFO - Status update: scanning - 90% - Processed 3620 files
2025-10-12 16:30:20,789 - main - INFO - Status update: scanning - 90% - Processed 3630 files
2025-10-12 16:30:20,819 - main - INFO - Status update: scanning - 90% - Processed 3640 files
2025-10-12 16:30:20,842 - main - INFO - Status update: scanning - 90% - Processed 3650 files
2025-10-12 16:30:20,861 - main - INFO - Status update: scanning - 90% - Processed 3660 files
2025-10-12 16:30:20,893 - main - INFO - Status update: scanning - 90% - Processed 3670 files
2025-10-12 16:30:20,927 - main - INFO - Status update: scanning - 90% - Processed 3680 files
2025-10-12 16:30:20,947 - main - INFO - Status update: scanning - 90% - Processed 3690 files
2025-10-12 16:30:20,971 - main - INFO - Status update: scanning - 90% - Processed 3700 files
2025-10-12 16:30:20,999 - main - INFO - Status update: scanning - 90% - Processed 3710 files
2025-10-12 16:30:21,019 - main - INFO - Status update: scanning - 90% - Processed 3720 files
2025-10-12 16:30:21,039 - main - INFO - Status update: scanning - 90% - Processed 3730 files
2025-10-12 16:30:21,068 - main - INFO - Status update: scanning - 90% - Processed 3740 files
2025-10-12 16:30:21,097 - main - INFO - Status update: scanning - 90% - Processed 3750 files
2025-10-12 16:30:21,141 - main - INFO - Status update: scanning - 90% - Processed 3760 files
2025-10-12 16:30:21,168 - main - INFO - Status update: scanning - 90% - Processed 3770 files
2025-10-12 16:30:21,200 - main - INFO - Status update: scanning - 90% - Processed 3780 files
2025-10-12 16:30:21,232 - main - INFO - Status update: scanning - 90% - Processed 3790 files
2025-10-12 16:30:21,258 - main - INFO - Status update: scanning - 90% - Processed 3800 files
2025-10-12 16:30:21,286 - main - INFO - Status update: scanning - 90% - Processed 3810 files
2025-10-12 16:30:21,312 - main - INFO - Status update: scanning - 90% - Processed 3820 files
2025-10-12 16:30:21,338 - main - INFO - Status update: scanning - 90% - Processed 3830 files
2025-10-12 16:30:21,359 - main - INFO - Status update: scanning - 90% - Processed 3840 files
2025-10-12 16:30:21,377 - main - INFO - Status update: scanning - 90% - Processed 3850 files
2025-10-12 16:30:21,399 - main - INFO - Status update: scanning - 90% - Processed 3860 files
2025-10-12 16:30:21,422 - main - INFO - Status update: scanning - 90% - Processed 3870 files
2025-10-12 16:30:21,443 - main - INFO - Status update: scanning - 90% - Processed 3880 files
2025-10-12 16:30:21,466 - main - INFO - Status update: scanning - 90% - Processed 3890 files
2025-10-12 16:30:21,486 - main - INFO - Status update: scanning - 90% - Processed 3900 files
2025-10-12 16:30:21,506 - main - INFO - Status update: scanning - 90% - Processed 3910 files
2025-10-12 16:30:21,530 - main - INFO - Status update: scanning - 90% - Processed 3920 files
2025-10-12 16:30:21,560 - main - INFO - Status update: scanning - 90% - Processed 3930 files
2025-10-12 16:30:21,585 - main - INFO - Status update: scanning - 90% - Processed 3940 files
2025-10-12 16:30:21,607 - main - INFO - Status update: scanning - 90% - Processed 3950 files
2025-10-12 16:30:21,629 - main - INFO - Status update: scanning - 90% - Processed 3960 files
2025-10-12 16:30:21,649 - main - INFO - Status update: scanning - 90% - Processed 3970 files
2025-10-12 16:30:21,674 - main - INFO - Status update: scanning - 90% - Processed 3980 files
2025-10-12 16:30:21,693 - main - INFO - Status update: scanning - 90% - Processed 3990 files
2025-10-12 16:30:21,719 - main - INFO - Status update: scanning - 90% - Processed 4000 files
2025-10-12 16:30:21,744 - main - INFO - Status update: scanning - 90% - Processed 4010 files
2025-10-12 16:30:21,767 - main - INFO - Status update: scanning - 90% - Processed 4020 files
2025-10-12 16:30:21,790 - main - INFO - Status update: scanning - 90% - Processed 4030 files
2025-10-12 16:30:21,811 - main - INFO - Status update: scanning - 90% - Processed 4040 files
2025-10-12 16:30:21,836 - main - INFO - Status update: scanning - 90% - Processed 4050 files
2025-10-12 16:30:21,852 - main - INFO - Status update: scanning - 90% - Processed 4060 files
2025-10-12 16:30:21,885 - main - INFO - Status update: scanning - 90% - Processed 4070 files
2025-10-12 16:30:21,901 - main - INFO - Status update: scanning - 90% - Processed 4080 files
2025-10-12 16:30:21,926 - main - INFO - Status update: scanning - 90% - Processed 4090 files
2025-10-12 16:30:21,954 - main - INFO - Status update: scanning - 90% - Processed 4100 files
2025-10-12 16:30:21,969 - main - INFO - Status update: scanning - 90% - Processed 4110 files
2025-10-12 16:30:22,000 - main - INFO - Status update: scanning - 90% - Processed 4120 files
2025-10-12 16:30:22,022 - main - INFO - Status update: scanning - 90% - Processed 4130 files
2025-10-12 16:30:22,045 - main - INFO - Status update: scanning - 90% - Processed 4140 files
2025-10-12 16:30:22,070 - main - INFO - Status update: scanning - 90% - Processed 4150 files
2025-10-12 16:30:22,091 - main - INFO - Status update: scanning - 90% - Processed 4160 files
2025-10-12 16:30:22,113 - main - INFO - Status update: scanning - 90% - Processed 4170 files
2025-10-12 16:30:22,134 - main - INFO - Status update: scanning - 90% - Processed 4180 files
2025-10-12 16:30:22,152 - main - INFO - Status update: scanning - 90% - Processed 4190 files
2025-10-12 16:30:22,179 - main - INFO - Status update: scanning - 90% - Processed 4200 files
2025-10-12 16:30:22,206 - main - INFO - Status update: scanning - 90% - Processed 4210 files
2025-10-12 16:30:22,231 - main - INFO - Status update: scanning - 90% - Processed 4220 files
2025-10-12 16:30:22,258 - main - INFO - Status update: scanning - 90% - Processed 4230 files
2025-10-12 16:30:22,281 - main - INFO - Status update: scanning - 90% - Processed 4240 files
2025-10-12 16:30:22,306 - main - INFO - Status update: scanning - 90% - Processed 4250 files
2025-10-12 16:30:22,333 - main - INFO - Status update: scanning - 90% - Processed 4260 files
2025-10-12 16:30:22,353 - main - INFO - Status update: scanning - 90% - Processed 4270 files
2025-10-12 16:30:22,376 - main - INFO - Status update: scanning - 90% - Processed 4280 files
2025-10-12 16:30:22,402 - main - INFO - Status update: scanning - 90% - Processed 4290 files
2025-10-12 16:30:22,429 - main - INFO - Status update: scanning - 90% - Processed 4300 files
2025-10-12 16:30:22,452 - main - INFO - Status update: scanning - 90% - Processed 4310 files
2025-10-12 16:30:22,480 - main - INFO - Status update: scanning - 90% - Processed 4320 files
2025-10-12 16:30:22,504 - main - INFO - Status update: scanning - 90% - Processed 4330 files
2025-10-12 16:30:22,527 - main - INFO - Status update: scanning - 90% - Processed 4340 files
2025-10-12 16:30:22,553 - main - INFO - Status update: scanning - 90% - Processed 4350 files
2025-10-12 16:30:22,575 - main - INFO - Status update: scanning - 90% - Processed 4360 files
2025-10-12 16:30:22,597 - main - INFO - Status update: scanning - 90% - Processed 4370 files
2025-10-12 16:30:22,617 - main - INFO - Status update: scanning - 90% - Processed 4380 files
2025-10-12 16:30:22,638 - main - INFO - Status update: scanning - 90% - Processed 4390 files
2025-10-12 16:30:22,659 - main - INFO - Status update: scanning - 90% - Processed 4400 files
2025-10-12 16:30:22,679 - main - INFO - Status update: scanning - 90% - Processed 4410 files
2025-10-12 16:30:22,707 - main - INFO - Status update: scanning - 90% - Processed 4420 files
2025-10-12 16:30:22,727 - main - INFO - Status update: scanning - 90% - Processed 4430 files
2025-10-12 16:30:22,749 - main - INFO - Status update: scanning - 90% - Processed 4440 files
2025-10-12 16:30:22,777 - main - INFO - Status update: scanning - 90% - Processed 4450 files
2025-10-12 16:30:22,803 - main - INFO - Status update: scanning - 90% - Processed 4460 files
2025-10-12 16:30:22,825 - main - INFO - Status update: scanning - 90% - Processed 4470 files
2025-10-12 16:30:22,846 - main - INFO - Status update: scanning - 90% - Processed 4480 files
2025-10-12 16:30:22,867 - main - INFO - Status update: scanning - 90% - Processed 4490 files
2025-10-12 16:30:22,885 - main - INFO - Status update: scanning - 90% - Processed 4500 files
2025-10-12 16:30:22,907 - main - INFO - Status update: scanning - 90% - Processed 4510 files
2025-10-12 16:30:22,930 - main - INFO - Status update: scanning - 90% - Processed 4520 files
2025-10-12 16:30:22,952 - main - INFO - Status update: scanning - 90% - Processed 4530 files
2025-10-12 16:30:22,973 - main - INFO - Status update: scanning - 90% - Processed 4540 files
2025-10-12 16:30:22,990 - main - INFO - Status update: scanning - 90% - Processed 4550 files
2025-10-12 16:30:23,036 - main - INFO - Status update: scanning - 90% - Processed 4560 files
2025-10-12 16:30:23,061 - main - INFO - Status update: scanning - 90% - Processed 4570 files
2025-10-12 16:30:23,090 - main - INFO - Status update: scanning - 90% - Processed 4580 files
2025-10-12 16:30:23,114 - main - INFO - Status update: scanning - 90% - Processed 4590 files
2025-10-12 16:30:23,143 - main - INFO - Status update: scanning - 90% - Processed 4600 files
2025-10-12 16:30:23,167 - main - INFO - Status update: scanning - 90% - Processed 4610 files
2025-10-12 16:30:23,190 - main - INFO - Status update: scanning - 90% - Processed 4620 files
2025-10-12 16:30:23,211 - main - INFO - Status update: scanning - 90% - Processed 4630 files
2025-10-12 16:30:23,237 - main - INFO - Status update: scanning - 90% - Processed 4640 files
2025-10-12 16:30:23,259 - main - INFO - Status update: scanning - 90% - Processed 4650 files
2025-10-12 16:30:23,284 - main - INFO - Status update: scanning - 90% - Processed 4660 files
2025-10-12 16:30:23,315 - main - INFO - Status update: scanning - 90% - Processed 4670 files
2025-10-12 16:30:23,335 - main - INFO - Status update: scanning - 90% - Processed 4680 files
2025-10-12 16:30:23,355 - main - INFO - Status update: scanning - 90% - Processed 4690 files
2025-10-12 16:30:23,375 - main - INFO - Status update: scanning - 90% - Processed 4700 files
2025-10-12 16:30:23,396 - main - INFO - Status update: scanning - 90% - Processed 4710 files
2025-10-12 16:30:23,418 - main - INFO - Status update: scanning - 90% - Processed 4720 files
2025-10-12 16:30:23,439 - main - INFO - Status update: scanning - 90% - Processed 4730 files
2025-10-12 16:30:23,465 - main - INFO - Status update: scanning - 90% - Processed 4740 files
2025-10-12 16:30:23,487 - main - INFO - Status update: scanning - 90% - Processed 4750 files
2025-10-12 16:30:23,514 - main - INFO - Status update: scanning - 90% - Processed 4760 files
2025-10-12 16:30:23,535 - main - INFO - Status update: scanning - 90% - Processed 4770 files
2025-10-12 16:30:23,559 - main - INFO - Status update: scanning - 90% - Processed 4780 files
2025-10-12 16:30:23,586 - main - INFO - Status update: scanning - 90% - Processed 4790 files
2025-10-12 16:30:23,610 - main - INFO - Status update: scanning - 90% - Processed 4800 files
2025-10-12 16:30:23,634 - main - INFO - Status update: scanning - 90% - Processed 4810 files
2025-10-12 16:30:23,657 - main - INFO - Status update: scanning - 90% - Processed 4820 files
2025-10-12 16:30:23,682 - main - INFO - Status update: scanning - 90% - Processed 4830 files
2025-10-12 16:30:23,707 - main - INFO - Status update: scanning - 90% - Processed 4840 files
2025-10-12 16:30:23,733 - main - INFO - Status update: scanning - 90% - Processed 4850 files
2025-10-12 16:30:23,752 - main - INFO - Status update: scanning - 90% - Processed 4860 files
2025-10-12 16:30:23,774 - main - INFO - Status update: scanning - 90% - Processed 4870 files
2025-10-12 16:30:23,794 - main - INFO - Status update: scanning - 90% - Processed 4880 files
2025-10-12 16:30:23,820 - main - INFO - Status update: scanning - 90% - Processed 4890 files
2025-10-12 16:30:23,843 - main - INFO - Status update: scanning - 90% - Processed 4900 files
2025-10-12 16:30:23,869 - main - INFO - Status update: scanning - 90% - Processed 4910 files
2025-10-12 16:30:23,899 - main - INFO - Status update: scanning - 90% - Processed 4920 files
2025-10-12 16:30:23,927 - main - INFO - Status update: scanning - 90% - Processed 4930 files
2025-10-12 16:30:23,953 - main - INFO - Status update: scanning - 90% - Processed 4940 files
2025-10-12 16:30:23,981 - main - INFO - Status update: scanning - 90% - Processed 4950 files
2025-10-12 16:30:24,007 - main - INFO - Status update: scanning - 90% - Processed 4960 files
2025-10-12 16:30:24,031 - main - INFO - Status update: scanning - 90% - Processed 4970 files
2025-10-12 16:30:24,056 - main - INFO - Status update: scanning - 90% - Processed 4980 files
2025-10-12 16:30:24,081 - main - INFO - Status update: scanning - 90% - Processed 4990 files
2025-10-12 16:30:24,104 - main - INFO - Status update: scanning - 90% - Processed 5000 files
2025-10-12 16:30:24,125 - main - INFO - Status update: scanning - 90% - Processed 5010 files
2025-10-12 16:30:24,155 - main - INFO - Status update: scanning - 90% - Processed 5020 files
2025-10-12 16:30:24,179 - main - INFO - Status update: scanning - 90% - Processed 5030 files
2025-10-12 16:30:24,200 - main - INFO - Status update: scanning - 90% - Processed 5040 files
2025-10-12 16:30:24,221 - main - INFO - Status update: scanning - 90% - Processed 5050 files
2025-10-12 16:30:24,249 - main - INFO - Status update: scanning - 90% - Processed 5060 files
2025-10-12 16:30:24,272 - main - INFO - Status update: scanning - 90% - Processed 5070 files
2025-10-12 16:30:24,296 - main - INFO - Status update: scanning - 90% - Processed 5080 files
2025-10-12 16:30:24,322 - main - INFO - Status update: scanning - 90% - Processed 5090 files
2025-10-12 16:30:24,344 - main - INFO - Status update: scanning - 90% - Processed 5100 files
2025-10-12 16:30:24,366 - main - INFO - Status update: scanning - 90% - Processed 5110 files
2025-10-12 16:30:24,392 - main - INFO - Status update: scanning - 90% - Processed 5120 files
2025-10-12 16:30:24,419 - main - INFO - Status update: scanning - 90% - Processed 5130 files
2025-10-12 16:30:24,446 - main - INFO - Status update: scanning - 90% - Processed 5140 files
2025-10-12 16:30:24,467 - main - INFO - Status update: scanning - 90% - Processed 5150 files
2025-10-12 16:30:24,488 - main - INFO - Status update: scanning - 90% - Processed 5160 files
2025-10-12 16:30:24,511 - main - INFO - Status update: scanning - 90% - Processed 5170 files
2025-10-12 16:30:24,539 - main - INFO - Status update: scanning - 90% - Processed 5180 files
2025-10-12 16:30:24,565 - main - INFO - Status update: scanning - 90% - Processed 5190 files
2025-10-12 16:30:24,588 - main - INFO - Status update: scanning - 90% - Processed 5200 files
2025-10-12 16:30:24,609 - main - INFO - Status update: scanning - 90% - Processed 5210 files
2025-10-12 16:30:24,632 - main - INFO - Status update: scanning - 90% - Processed 5220 files
2025-10-12 16:30:24,658 - main - INFO - Status update: scanning - 90% - Processed 5230 files
2025-10-12 16:30:24,682 - main - INFO - Status update: scanning - 90% - Processed 5240 files
2025-10-12 16:30:24,702 - main - INFO - Status update: scanning - 90% - Processed 5250 files
2025-10-12 16:30:24,722 - main - INFO - Status update: scanning - 90% - Processed 5260 files
2025-10-12 16:30:24,747 - main - INFO - Status update: scanning - 90% - Processed 5270 files
2025-10-12 16:30:24,781 - main - INFO - Status update: scanning - 90% - Processed 5280 files
2025-10-12 16:30:24,801 - main - INFO - Status update: scanning - 90% - Processed 5290 files
2025-10-12 16:30:24,823 - main - INFO - Status update: scanning - 90% - Processed 5300 files
2025-10-12 16:30:24,847 - main - INFO - Status update: scanning - 90% - Processed 5310 files
2025-10-12 16:30:24,878 - main - INFO - Status update: scanning - 90% - Processed 5320 files
2025-10-12 16:30:24,903 - main - INFO - Status update: scanning - 90% - Processed 5330 files
2025-10-12 16:30:24,926 - main - INFO - Status update: scanning - 90% - Processed 5340 files
2025-10-12 16:30:24,949 - main - INFO - Status update: scanning - 90% - Processed 5350 files
2025-10-12 16:30:24,970 - main - INFO - Status update: scanning - 90% - Processed 5360 files
2025-10-12 16:30:24,993 - main - INFO - Status update: scanning - 90% - Processed 5370 files
2025-10-12 16:30:25,017 - main - INFO - Status update: scanning - 90% - Processed 5380 files
2025-10-12 16:30:25,038 - main - INFO - Status update: scanning - 90% - Processed 5390 files
2025-10-12 16:30:25,068 - main - INFO - Status update: scanning - 90% - Processed 5400 files
2025-10-12 16:30:25,091 - main - INFO - Status update: scanning - 90% - Processed 5410 files
2025-10-12 16:30:25,113 - main - INFO - Status update: scanning - 90% - Processed 5420 files
2025-10-12 16:30:25,133 - main - INFO - Status update: scanning - 90% - Processed 5430 files
2025-10-12 16:30:25,157 - main - INFO - Status update: scanning - 90% - Processed 5440 files
2025-10-12 16:30:25,178 - main - INFO - Status update: scanning - 90% - Processed 5450 files
2025-10-12 16:30:25,202 - main - INFO - Status update: scanning - 90% - Processed 5460 files
2025-10-12 16:30:25,226 - main - INFO - Status update: scanning - 90% - Processed 5470 files
2025-10-12 16:30:25,252 - main - INFO - Status update: scanning - 90% - Processed 5480 files
2025-10-12 16:30:25,271 - main - INFO - Status update: scanning - 90% - Processed 5490 files
2025-10-12 16:30:25,291 - main - INFO - Status update: scanning - 90% - Processed 5500 files
2025-10-12 16:30:25,314 - main - INFO - Status update: scanning - 90% - Processed 5510 files
2025-10-12 16:30:25,336 - main - INFO - Status update: scanning - 90% - Processed 5520 files
2025-10-12 16:30:25,359 - main - INFO - Status update: scanning - 90% - Processed 5530 files
2025-10-12 16:30:25,378 - main - INFO - Status update: scanning - 90% - Processed 5540 files
2025-10-12 16:30:25,401 - main - INFO - Status update: scanning - 90% - Processed 5550 files
2025-10-12 16:30:25,426 - main - INFO - Status update: scanning - 90% - Processed 5560 files
2025-10-12 16:30:25,449 - main - INFO - Status update: scanning - 90% - Processed 5570 files
2025-10-12 16:30:25,476 - main - INFO - Status update: scanning - 90% - Processed 5580 files
2025-10-12 16:30:25,501 - main - INFO - Status update: scanning - 90% - Processed 5590 files
2025-10-12 16:30:25,526 - main - INFO - Status update: scanning - 90% - Processed 5600 files
2025-10-12 16:30:25,547 - main - INFO - Status update: scanning - 90% - Processed 5610 files
2025-10-12 16:30:25,573 - main - INFO - Status update: scanning - 90% - Processed 5620 files
2025-10-12 16:30:25,593 - main - INFO - Status update: scanning - 90% - Processed 5630 files
2025-10-12 16:30:25,615 - main - INFO - Status update: scanning - 90% - Processed 5640 files
2025-10-12 16:30:25,638 - main - INFO - Status update: scanning - 90% - Processed 5650 files
2025-10-12 16:30:25,662 - main - INFO - Status update: scanning - 90% - Processed 5660 files
2025-10-12 16:30:25,687 - main - INFO - Status update: scanning - 90% - Processed 5670 files
2025-10-12 16:30:25,715 - main - INFO - Status update: scanning - 90% - Processed 5680 files
2025-10-12 16:30:25,739 - main - INFO - Status update: scanning - 90% - Processed 5690 files
2025-10-12 16:30:25,763 - main - INFO - Status update: scanning - 90% - Processed 5700 files
2025-10-12 16:30:25,788 - main - INFO - Status update: scanning - 90% - Processed 5710 files
2025-10-12 16:30:25,811 - main - INFO - Status update: scanning - 90% - Processed 5720 files
2025-10-12 16:30:25,833 - main - INFO - Status update: scanning - 90% - Processed 5730 files
2025-10-12 16:30:25,857 - main - INFO - Status update: scanning - 90% - Processed 5740 files
2025-10-12 16:30:25,884 - main - INFO - Status update: scanning - 90% - Processed 5750 files
2025-10-12 16:30:25,909 - main - INFO - Status update: scanning - 90% - Processed 5760 files
2025-10-12 16:30:25,937 - main - INFO - Status update: scanning - 90% - Processed 5770 files
2025-10-12 16:30:25,963 - main - INFO - Status update: scanning - 90% - Processed 5780 files
2025-10-12 16:30:25,989 - main - INFO - Status update: scanning - 90% - Processed 5790 files
2025-10-12 16:30:26,012 - main - INFO - Status update: scanning - 90% - Processed 5800 files
2025-10-12 16:30:26,037 - main - INFO - Status update: scanning - 90% - Processed 5810 files
2025-10-12 16:30:26,055 - main - INFO - Status update: scanning - 90% - Processed 5820 files
2025-10-12 16:30:26,075 - main - INFO - Status update: scanning - 90% - Processed 5830 files
2025-10-12 16:30:26,096 - main - INFO - Status update: scanning - 90% - Processed 5840 files
2025-10-12 16:30:26,118 - main - INFO - Status update: scanning - 90% - Processed 5850 files
2025-10-12 16:30:26,139 - main - INFO - Status update: scanning - 90% - Processed 5860 files
2025-10-12 16:30:26,157 - main - INFO - Status update: scanning - 90% - Processed 5870 files
2025-10-12 16:30:26,179 - main - INFO - Status update: scanning - 90% - Processed 5880 files
2025-10-12 16:30:26,201 - main - INFO - Status update: scanning - 90% - Processed 5890 files
2025-10-12 16:30:26,225 - main - INFO - Status update: scanning - 90% - Processed 5900 files
2025-10-12 16:30:26,246 - main - INFO - Status update: scanning - 90% - Processed 5910 files
2025-10-12 16:30:26,268 - main - INFO - Status update: scanning - 90% - Processed 5920 files
2025-10-12 16:30:26,289 - main - INFO - Status update: scanning - 90% - Processed 5930 files
2025-10-12 16:30:26,312 - main - INFO - Status update: scanning - 90% - Processed 5940 files
2025-10-12 16:30:26,335 - main - INFO - Status update: scanning - 90% - Processed 5950 files
2025-10-12 16:30:26,354 - main - INFO - Status update: scanning - 90% - Processed 5960 files
2025-10-12 16:30:26,377 - main - INFO - Status update: scanning - 90% - Processed 5970 files
2025-10-12 16:30:26,399 - main - INFO - Status update: scanning - 90% - Processed 5980 files
2025-10-12 16:30:26,425 - main - INFO - Status update: scanning - 90% - Processed 5990 files
2025-10-12 16:30:26,447 - main - INFO - Status update: scanning - 90% - Processed 6000 files
2025-10-12 16:30:26,468 - main - INFO - Status update: scanning - 90% - Processed 6010 files
2025-10-12 16:30:26,492 - main - INFO - Status update: scanning - 90% - Processed 6020 files
2025-10-12 16:30:26,514 - main - INFO - Status update: scanning - 90% - Processed 6030 files
2025-10-12 16:30:26,536 - main - INFO - Status update: scanning - 90% - Processed 6040 files
2025-10-12 16:30:26,557 - main - INFO - Status update: scanning - 90% - Processed 6050 files
2025-10-12 16:30:26,580 - main - INFO - Status update: scanning - 90% - Processed 6060 files
2025-10-12 16:30:26,604 - main - INFO - Status update: scanning - 90% - Processed 6070 files
2025-10-12 16:30:26,626 - main - INFO - Status update: scanning - 90% - Processed 6080 files
2025-10-12 16:30:26,646 - main - INFO - Status update: scanning - 90% - Processed 6090 files
2025-10-12 16:30:26,670 - main - INFO - Status update: scanning - 90% - Processed 6100 files
2025-10-12 16:30:26,690 - main - INFO - Status update: scanning - 90% - Processed 6110 files
2025-10-12 16:30:26,709 - main - INFO - Status update: scanning - 90% - Processed 6120 files
2025-10-12 16:30:26,729 - main - INFO - Status update: scanning - 90% - Processed 6130 files
2025-10-12 16:30:26,750 - main - INFO - Status update: scanning - 90% - Processed 6140 files
2025-10-12 16:30:26,772 - main - INFO - Status update: scanning - 90% - Processed 6150 files
2025-10-12 16:30:27,143 - main - INFO - Status update: scanning - 90% - Processed 6160 files
2025-10-12 16:30:27,568 - main - INFO - Status update: scanning - 90% - Processed 6170 files
2025-10-12 16:30:28,172 - main - INFO - Status update: scanning - 90% - Processed 6180 files
2025-10-12 16:30:28,690 - main - INFO - Status update: scanning - 90% - Processed 6190 files
2025-10-12 16:30:29,230 - main - INFO - Status update: scanning - 90% - Processed 6200 files
2025-10-12 16:30:29,783 - main - INFO - Status update: scanning - 90% - Processed 6210 files
2025-10-12 16:30:30,429 - main - INFO - Status update: scanning - 90% - Processed 6220 files
2025-10-12 16:30:30,994 - main - INFO - Status update: scanning - 90% - Processed 6230 files
2025-10-12 16:30:31,539 - main - INFO - Status update: scanning - 90% - Processed 6240 files
2025-10-12 16:30:32,073 - main - INFO - Status update: scanning - 90% - Processed 6250 files
2025-10-12 16:30:32,599 - main - INFO - Status update: scanning - 90% - Processed 6260 files
2025-10-12 16:30:33,214 - main - INFO - Status update: scanning - 90% - Processed 6270 files
2025-10-12 16:30:33,835 - main - INFO - Status update: scanning - 90% - Processed 6280 files
2025-10-12 16:30:34,463 - main - INFO - Status update: scanning - 90% - Processed 6290 files
2025-10-12 16:30:35,025 - main - INFO - Status update: scanning - 90% - Processed 6300 files
2025-10-12 16:30:35,510 - main - INFO - Status update: scanning - 90% - Processed 6310 files
2025-10-12 16:30:36,046 - main - INFO - Status update: scanning - 90% - Processed 6320 files
2025-10-12 16:30:36,579 - main - INFO - Status update: scanning - 90% - Processed 6330 files
2025-10-12 16:30:37,126 - main - INFO - Status update: scanning - 90% - Processed 6340 files
2025-10-12 16:30:37,625 - main - INFO - Status update: scanning - 90% - Processed 6350 files
2025-10-12 16:30:38,120 - main - INFO - Status update: scanning - 90% - Processed 6360 files
2025-10-12 16:30:38,732 - main - INFO - Status update: scanning - 90% - Processed 6370 files
2025-10-12 16:30:39,275 - main - INFO - Status update: scanning - 90% - Processed 6380 files
2025-10-12 16:30:39,825 - main - INFO - Status update: scanning - 90% - Processed 6390 files
2025-10-12 16:30:40,359 - main - INFO - Status update: scanning - 90% - Processed 6400 files
2025-10-12 16:30:40,960 - main - INFO - Status update: scanning - 90% - Processed 6410 files
2025-10-12 16:30:41,430 - main - INFO - Status update: scanning - 90% - Processed 6420 files
2025-10-12 16:30:41,951 - main - INFO - Status update: scanning - 90% - Processed 6430 files
2025-10-12 16:30:42,440 - main - INFO - Status update: scanning - 90% - Processed 6440 files
2025-10-12 16:30:42,871 - main - INFO - Status update: scanning - 90% - Processed 6450 files
2025-10-12 16:30:43,424 - main - INFO - Status update: scanning - 90% - Processed 6460 files
2025-10-12 16:30:43,960 - main - INFO - Status update: scanning - 90% - Processed 6470 files
2025-10-12 16:30:44,598 - main - INFO - Status update: scanning - 90% - Processed 6480 files
2025-10-12 16:30:45,235 - main - INFO - Status update: scanning - 90% - Processed 6490 files
2025-10-12 16:30:45,904 - main - INFO - Status update: scanning - 90% - Processed 6500 files
2025-10-12 16:30:46,606 - main - INFO - Status update: scanning - 90% - Processed 6510 files
2025-10-12 16:30:47,266 - main - INFO - Status update: scanning - 90% - Processed 6520 files
2025-10-12 16:30:47,996 - main - INFO - Status update: scanning - 90% - Processed 6530 files
2025-10-12 16:30:48,702 - main - INFO - Status update: scanning - 90% - Processed 6540 files
2025-10-12 16:30:49,415 - main - INFO - Status update: scanning - 90% - Processed 6550 files
2025-10-12 16:30:50,161 - main - INFO - Status update: scanning - 90% - Processed 6560 files
2025-10-12 16:30:50,895 - main - INFO - Status update: scanning - 90% - Processed 6570 files
2025-10-12 16:30:51,635 - main - INFO - Status update: scanning - 90% - Processed 6580 files
2025-10-12 16:30:52,365 - main - INFO - Status update: scanning - 90% - Processed 6590 files
2025-10-12 16:30:53,100 - main - INFO - Status update: scanning - 90% - Processed 6600 files
2025-10-12 16:30:53,808 - main - INFO - Status update: scanning - 90% - Processed 6610 files
2025-10-12 16:30:54,462 - main - INFO - Status update: scanning - 90% - Processed 6620 files
2025-10-12 16:30:55,150 - main - INFO - Status update: scanning - 90% - Processed 6630 files
2025-10-12 16:30:55,790 - main - INFO - Status update: scanning - 90% - Processed 6640 files
2025-10-12 16:30:56,420 - main - INFO - Status update: scanning - 90% - Processed 6650 files
2025-10-12 16:30:56,972 - main - INFO - Status update: scanning - 90% - Processed 6660 files
2025-10-12 16:30:57,580 - main - INFO - Status update: scanning - 90% - Processed 6670 files
2025-10-12 16:30:58,190 - main - INFO - Status update: scanning - 90% - Processed 6680 files
2025-10-12 16:30:58,840 - main - INFO - Status update: scanning - 90% - Processed 6690 files
2025-10-12 16:30:59,461 - main - INFO - Status update: scanning - 90% - Processed 6700 files
2025-10-12 16:31:00,100 - main - INFO - Status update: scanning - 90% - Processed 6710 files
2025-10-12 16:31:00,700 - main - INFO - Status update: scanning - 90% - Processed 6720 files
2025-10-12 16:31:01,235 - main - INFO - Status update: scanning - 90% - Processed 6730 files
2025-10-12 16:31:01,614 - main - INFO - Status update: scanning - 90% - Processed 6740 files
2025-10-12 16:31:02,042 - main - INFO - Status update: scanning - 90% - Processed 6750 files
2025-10-12 16:31:02,465 - main - INFO - Status update: scanning - 90% - Processed 6760 files
2025-10-12 16:31:02,922 - main - INFO - Status update: scanning - 90% - Processed 6770 files
2025-10-12 16:31:03,407 - main - INFO - Status update: scanning - 90% - Processed 6780 files
2025-10-12 16:31:03,940 - main - INFO - Status update: scanning - 90% - Processed 6790 files
2025-10-12 16:31:04,362 - main - INFO - Status update: scanning - 90% - Processed 6800 files
2025-10-12 16:31:04,924 - main - INFO - Status update: scanning - 90% - Processed 6810 files
2025-10-12 16:31:05,263 - main - INFO - Status update: scanning - 90% - Processed 6820 files
2025-10-12 16:31:05,770 - main - INFO - Status update: scanning - 90% - Processed 6830 files
2025-10-12 16:31:06,300 - main - INFO - Status update: scanning - 90% - Processed 6840 files
2025-10-12 16:31:06,782 - main - INFO - Status update: scanning - 90% - Processed 6850 files
2025-10-12 16:31:07,204 - main - INFO - Status update: scanning - 90% - Processed 6860 files
2025-10-12 16:31:07,682 - main - INFO - Status update: scanning - 90% - Processed 6870 files
2025-10-12 16:31:08,210 - main - INFO - Status update: scanning - 90% - Processed 6880 files
2025-10-12 16:31:08,723 - main - INFO - Status update: scanning - 90% - Processed 6890 files
2025-10-12 16:31:09,270 - main - INFO - Status update: scanning - 90% - Processed 6900 files
2025-10-12 16:31:09,654 - main - INFO - Status update: scanning - 90% - Processed 6910 files
2025-10-12 16:31:10,187 - main - INFO - Status update: scanning - 90% - Processed 6920 files
2025-10-12 16:31:10,684 - main - INFO - Status update: scanning - 90% - Processed 6930 files
2025-10-12 16:31:11,158 - main - INFO - Status update: scanning - 90% - Processed 6940 files
2025-10-12 16:31:11,633 - main - INFO - Status update: scanning - 90% - Processed 6950 files
2025-10-12 16:31:12,101 - main - INFO - Status update: scanning - 90% - Processed 6960 files
2025-10-12 16:31:12,577 - main - INFO - Status update: scanning - 90% - Processed 6970 files
2025-10-12 16:31:13,060 - main - INFO - Status update: scanning - 90% - Processed 6980 files
2025-10-12 16:31:13,520 - main - INFO - Status update: scanning - 90% - Processed 6990 files
2025-10-12 16:31:13,587 - main - INFO - Status update: scanning - 90% - Processed 7000 files
2025-10-12 16:31:14,000 - main - INFO - Status update: scanning - 90% - Processed 7010 files
2025-10-12 16:31:14,610 - main - INFO - Status update: scanning - 90% - Processed 7020 files
2025-10-12 16:31:15,211 - main - INFO - Status update: scanning - 90% - Processed 7030 files
2025-10-12 16:31:15,720 - main - INFO - Status update: scanning - 90% - Processed 7040 files
2025-10-12 16:31:16,320 - main - INFO - Status update: scanning - 90% - Processed 7050 files
2025-10-12 16:31:16,890 - main - INFO - Status update: scanning - 90% - Processed 7060 files
2025-10-12 16:31:17,418 - main - INFO - Status update: scanning - 90% - Processed 7070 files
2025-10-12 16:31:17,954 - main - INFO - Status update: scanning - 90% - Processed 7080 files
2025-10-12 16:31:18,474 - main - INFO - Status update: scanning - 90% - Processed 7090 files
2025-10-12 16:31:19,020 - main - INFO - Status update: scanning - 90% - Processed 7100 files
2025-10-12 16:31:19,558 - main - INFO - Status update: scanning - 90% - Processed 7110 files
2025-10-12 16:31:20,107 - main - INFO - Status update: scanning - 90% - Processed 7120 files
2025-10-12 16:31:20,657 - main - INFO - Status update: scanning - 90% - Processed 7130 files
2025-10-12 16:31:21,226 - main - INFO - Status update: scanning - 90% - Processed 7140 files
2025-10-12 16:31:21,761 - main - INFO - Status update: scanning - 90% - Processed 7150 files
2025-10-12 16:31:22,307 - main - INFO - Status update: scanning - 90% - Processed 7160 files
2025-10-12 16:31:22,866 - main - INFO - Status update: scanning - 90% - Processed 7170 files
2025-10-12 16:31:23,500 - main - INFO - Status update: scanning - 90% - Processed 7180 files
2025-10-12 16:31:24,134 - main - INFO - Status update: scanning - 90% - Processed 7190 files
2025-10-12 16:31:24,731 - main - INFO - Status update: scanning - 90% - Processed 7200 files
2025-10-12 16:31:25,350 - main - INFO - Status update: scanning - 90% - Processed 7210 files
2025-10-12 16:31:25,981 - main - INFO - Status update: scanning - 90% - Processed 7220 files
2025-10-12 16:31:26,601 - main - INFO - Status update: scanning - 90% - Processed 7230 files
2025-10-12 16:31:27,235 - main - INFO - Status update: scanning - 90% - Processed 7240 files
2025-10-12 16:31:27,864 - main - INFO - Status update: scanning - 90% - Processed 7250 files
2025-10-12 16:31:28,512 - main - INFO - Status update: scanning - 90% - Processed 7260 files
2025-10-12 16:31:29,141 - main - INFO - Status update: scanning - 90% - Processed 7270 files
2025-10-12 16:31:29,763 - main - INFO - Status update: scanning - 90% - Processed 7280 files
2025-10-12 16:31:30,414 - main - INFO - Status update: scanning - 90% - Processed 7290 files
2025-10-12 16:31:31,021 - main - INFO - Status update: scanning - 90% - Processed 7300 files
2025-10-12 16:31:31,634 - main - INFO - Status update: scanning - 90% - Processed 7310 files
2025-10-12 16:31:32,251 - main - INFO - Status update: scanning - 90% - Processed 7320 files
2025-10-12 16:31:32,871 - main - INFO - Status update: scanning - 90% - Processed 7330 files
2025-10-12 16:31:33,504 - main - INFO - Status update: scanning - 90% - Processed 7340 files
2025-10-12 16:31:34,146 - main - INFO - Status update: scanning - 90% - Processed 7350 files
2025-10-12 16:31:34,821 - main - INFO - Status update: scanning - 90% - Processed 7360 files
2025-10-12 16:31:35,344 - main - INFO - Status update: scanning - 90% - Processed 7370 files
2025-10-12 16:31:35,821 - main - INFO - Status update: scanning - 90% - Processed 7380 files
2025-10-12 16:31:36,365 - main - INFO - Status update: scanning - 90% - Processed 7390 files
2025-10-12 16:31:36,916 - main - INFO - Status update: scanning - 90% - Processed 7400 files
2025-10-12 16:31:37,350 - main - INFO - Status update: scanning - 90% - Processed 7410 files
2025-10-12 16:31:37,781 - main - INFO - Status update: scanning - 90% - Processed 7420 files
2025-10-12 16:31:38,176 - main - INFO - Status update: scanning - 90% - Processed 7430 files
2025-10-12 16:31:38,681 - main - INFO - Status update: scanning - 90% - Processed 7440 files
2025-10-12 16:31:39,219 - main - INFO - Status update: scanning - 90% - Processed 7450 files
2025-10-12 16:31:39,709 - main - INFO - Status update: scanning - 90% - Processed 7460 files
2025-10-12 16:31:40,096 - main - INFO - Status update: scanning - 90% - Processed 7470 files
2025-10-12 16:31:40,613 - main - INFO - Status update: scanning - 90% - Processed 7480 files
2025-10-12 16:31:41,061 - main - INFO - Status update: scanning - 90% - Processed 7490 files
2025-10-12 16:31:41,521 - main - INFO - Status update: scanning - 90% - Processed 7500 files
2025-10-12 16:31:42,021 - main - INFO - Status update: scanning - 90% - Processed 7510 files
2025-10-12 16:31:42,531 - main - INFO - Status update: scanning - 90% - Processed 7520 files
2025-10-12 16:31:43,016 - main - INFO - Status update: scanning - 90% - Processed 7530 files
2025-10-12 16:31:43,581 - main - INFO - Status update: scanning - 90% - Processed 7540 files
2025-10-12 16:31:44,091 - main - INFO - Status update: scanning - 90% - Processed 7550 files
2025-10-12 16:31:44,551 - main - INFO - Status update: scanning - 90% - Processed 7560 files
2025-10-12 16:31:44,915 - main - INFO - Status update: scanning - 90% - Processed 7570 files
2025-10-12 16:31:45,486 - main - INFO - Status update: scanning - 90% - Processed 7580 files
2025-10-12 16:31:45,991 - main - INFO - Status update: scanning - 90% - Processed 7590 files
2025-10-12 16:31:46,540 - main - INFO - Status update: scanning - 90% - Processed 7600 files
2025-10-12 16:31:47,096 - main - INFO - Status update: scanning - 90% - Processed 7610 files
2025-10-12 16:31:47,759 - main - INFO - Status update: scanning - 90% - Processed 7620 files
2025-10-12 16:31:48,384 - main - INFO - Status update: scanning - 90% - Processed 7630 files
2025-10-12 16:31:49,018 - main - INFO - Status update: scanning - 90% - Processed 7640 files
2025-10-12 16:31:49,651 - main - INFO - Status update: scanning - 90% - Processed 7650 files
2025-10-12 16:31:50,277 - main - INFO - Status update: scanning - 90% - Processed 7660 files
2025-10-12 16:31:50,931 - main - INFO - Status update: scanning - 90% - Processed 7670 files
2025-10-12 16:31:51,484 - main - INFO - Status update: scanning - 90% - Processed 7680 files
2025-10-12 16:31:51,885 - main - INFO - Status update: scanning - 90% - Processed 7690 files
2025-10-12 16:31:52,221 - main - INFO - Status update: scanning - 90% - Processed 7700 files
2025-10-12 16:31:52,706 - main - INFO - Status update: scanning - 90% - Processed 7710 files
2025-10-12 16:31:53,242 - main - INFO - Status update: scanning - 90% - Processed 7720 files
2025-10-12 16:31:53,626 - main - INFO - Status update: scanning - 90% - Processed 7730 files
2025-10-12 16:31:54,166 - main - INFO - Status update: scanning - 90% - Processed 7740 files
2025-10-12 16:31:54,555 - main - INFO - Status update: scanning - 90% - Processed 7750 files
2025-10-12 16:31:55,118 - main - INFO - Status update: scanning - 90% - Processed 7760 files
2025-10-12 16:31:55,751 - main - INFO - Status update: scanning - 90% - Processed 7770 files
2025-10-12 16:31:56,408 - main - INFO - Status update: scanning - 90% - Processed 7780 files
2025-10-12 16:31:56,945 - main - INFO - Status update: scanning - 90% - Processed 7790 files
2025-10-12 16:31:57,272 - main - INFO - Status update: scanning - 90% - Processed 7800 files
2025-10-12 16:31:57,791 - main - INFO - Status update: scanning - 90% - Processed 7810 files
2025-10-12 16:31:58,294 - main - INFO - Status update: scanning - 90% - Processed 7820 files
2025-10-12 16:31:58,792 - main - INFO - Status update: scanning - 90% - Processed 7830 files
2025-10-12 16:31:59,231 - main - INFO - Status update: scanning - 90% - Processed 7840 files
2025-10-12 16:31:59,856 - main - INFO - Status update: scanning - 90% - Processed 7850 files
2025-10-12 16:32:00,539 - main - INFO - Status update: scanning - 90% - Processed 7860 files
2025-10-12 16:32:01,182 - main - INFO - Status update: scanning - 90% - Processed 7870 files
2025-10-12 16:32:01,842 - main - INFO - Status update: scanning - 90% - Processed 7880 files
2025-10-12 16:32:02,502 - main - INFO - Status update: scanning - 90% - Processed 7890 files
2025-10-12 16:32:02,950 - main - INFO - Status update: scanning - 90% - Processed 7900 files
2025-10-12 16:32:03,424 - main - INFO - Status update: scanning - 90% - Processed 7910 files
2025-10-12 16:32:03,851 - main - INFO - Status update: scanning - 90% - Processed 7920 files
2025-10-12 16:32:04,281 - main - INFO - Status update: scanning - 90% - Processed 7930 files
2025-10-12 16:32:04,816 - main - INFO - Status update: scanning - 90% - Processed 7940 files
2025-10-12 16:32:05,352 - main - INFO - Status update: scanning - 90% - Processed 7950 files
2025-10-12 16:32:05,922 - main - INFO - Status update: scanning - 90% - Processed 7960 files
2025-10-12 16:32:06,427 - main - INFO - Status update: scanning - 90% - Processed 7970 files
2025-10-12 16:32:06,982 - main - INFO - Status update: scanning - 90% - Processed 7980 files
2025-10-12 16:32:07,622 - main - INFO - Status update: scanning - 90% - Processed 7990 files
2025-10-12 16:32:08,221 - main - INFO - Status update: scanning - 90% - Processed 8000 files
2025-10-12 16:32:08,892 - main - INFO - Status update: scanning - 90% - Processed 8010 files
2025-10-12 16:32:09,537 - main - INFO - Status update: scanning - 90% - Processed 8020 files
2025-10-12 16:32:10,163 - main - INFO - Status update: scanning - 90% - Processed 8030 files
2025-10-12 16:32:10,823 - main - INFO - Status update: scanning - 90% - Processed 8040 files
2025-10-12 16:32:11,425 - main - INFO - Status update: scanning - 90% - Processed 8050 files
2025-10-12 16:32:11,992 - main - INFO - Status update: scanning - 90% - Processed 8060 files
2025-10-12 16:32:12,610 - main - INFO - Status update: scanning - 90% - Processed 8070 files
2025-10-12 16:32:13,241 - main - INFO - Status update: scanning - 90% - Processed 8080 files
2025-10-12 16:32:13,864 - main - INFO - Status update: scanning - 90% - Processed 8090 files
2025-10-12 16:32:14,502 - main - INFO - Status update: scanning - 90% - Processed 8100 files
2025-10-12 16:32:15,039 - main - INFO - Status update: scanning - 90% - Processed 8110 files
2025-10-12 16:32:15,522 - main - INFO - Status update: scanning - 90% - Processed 8120 files
2025-10-12 16:32:16,050 - main - INFO - Status update: scanning - 90% - Processed 8130 files
2025-10-12 16:32:16,512 - main - INFO - Status update: scanning - 90% - Processed 8140 files
2025-10-12 16:32:17,052 - main - INFO - Status update: scanning - 90% - Processed 8150 files
2025-10-12 16:32:17,584 - main - INFO - Status update: scanning - 90% - Processed 8160 files
2025-10-12 16:32:18,106 - main - INFO - Status update: scanning - 90% - Processed 8170 files
2025-10-12 16:32:18,642 - main - INFO - Status update: scanning - 90% - Processed 8180 files
2025-10-12 16:32:19,176 - main - INFO - Status update: scanning - 90% - Processed 8190 files
2025-10-12 16:32:19,643 - main - INFO - Status update: scanning - 90% - Processed 8200 files
2025-10-12 16:32:20,266 - main - INFO - Status update: scanning - 90% - Processed 8210 files
2025-10-12 16:32:20,527 - main - INFO - Status update: scanning - 90% - Processed 8220 files
2025-10-12 16:32:21,068 - main - INFO - Status update: scanning - 90% - Processed 8230 files
2025-10-12 16:32:21,742 - main - INFO - Status update: scanning - 90% - Processed 8240 files
2025-10-12 16:32:22,401 - main - INFO - Status update: scanning - 90% - Processed 8250 files
2025-10-12 16:32:23,062 - main - INFO - Status update: scanning - 90% - Processed 8260 files
2025-10-12 16:32:23,654 - main - INFO - Status update: scanning - 90% - Processed 8270 files
2025-10-12 16:32:24,108 - main - INFO - Status update: scanning - 90% - Processed 8280 files
2025-10-12 16:32:24,612 - main - INFO - Status update: scanning - 90% - Processed 8290 files
2025-10-12 16:32:25,063 - main - INFO - Status update: scanning - 90% - Processed 8300 files
2025-10-12 16:32:25,614 - main - INFO - Status update: scanning - 90% - Processed 8310 files
2025-10-12 16:32:26,225 - main - INFO - Status update: scanning - 90% - Processed 8320 files
2025-10-12 16:32:26,804 - main - INFO - Status update: scanning - 90% - Processed 8330 files
2025-10-12 16:32:27,333 - main - INFO - Status update: scanning - 90% - Processed 8340 files
2025-10-12 16:32:27,995 - main - INFO - Status update: scanning - 90% - Processed 8350 files
2025-10-12 16:32:28,614 - main - INFO - Status update: scanning - 90% - Processed 8360 files
2025-10-12 16:32:29,232 - main - INFO - Status update: scanning - 90% - Processed 8370 files
2025-10-12 16:32:29,682 - main - INFO - Status update: scanning - 90% - Processed 8380 files
2025-10-12 16:32:30,300 - main - INFO - Status update: scanning - 90% - Processed 8390 files
2025-10-12 16:32:30,915 - main - INFO - Status update: scanning - 90% - Processed 8400 files
2025-10-12 16:32:31,545 - main - INFO - Status update: scanning - 90% - Processed 8410 files
2025-10-12 16:32:31,881 - main - INFO - Status update: scanning - 90% - Processed 8420 files
2025-10-12 16:32:32,565 - main - INFO - Status update: scanning - 90% - Processed 8430 files
2025-10-12 16:32:33,182 - main - INFO - Status update: scanning - 90% - Processed 8440 files
2025-10-12 16:32:33,824 - main - INFO - Status update: scanning - 90% - Processed 8450 files
2025-10-12 16:32:34,301 - main - INFO - Status update: scanning - 90% - Processed 8460 files
2025-10-12 16:32:34,917 - main - INFO - Status update: scanning - 90% - Processed 8470 files
2025-10-12 16:32:35,435 - main - INFO - Status update: scanning - 90% - Processed 8480 files
2025-10-12 16:32:35,907 - main - INFO - Status update: scanning - 90% - Processed 8490 files
2025-10-12 16:32:36,321 - main - INFO - Status update: scanning - 90% - Processed 8500 files
2025-10-12 16:32:36,942 - main - INFO - Status update: scanning - 90% - Processed 8510 files
2025-10-12 16:32:37,505 - main - INFO - Status update: scanning - 90% - Processed 8520 files
2025-10-12 16:32:38,106 - main - INFO - Status update: scanning - 90% - Processed 8530 files
2025-10-12 16:32:38,663 - main - INFO - Status update: scanning - 90% - Processed 8540 files
2025-10-12 16:32:39,264 - main - INFO - Status update: scanning - 90% - Processed 8550 files
2025-10-12 16:32:39,810 - main - INFO - Status update: scanning - 90% - Processed 8560 files
2025-10-12 16:32:40,370 - main - INFO - Status update: scanning - 90% - Processed 8570 files
2025-10-12 16:32:40,854 - main - INFO - Status update: scanning - 90% - Processed 8580 files
2025-10-12 16:32:41,404 - main - INFO - Status update: scanning - 90% - Processed 8590 files
2025-10-12 16:32:41,931 - main - INFO - Status update: scanning - 90% - Processed 8600 files
2025-10-12 16:32:42,394 - main - INFO - Status update: scanning - 90% - Processed 8610 files
2025-10-12 16:32:42,851 - main - INFO - Status update: scanning - 90% - Processed 8620 files
2025-10-12 16:32:43,350 - main - INFO - Status update: scanning - 90% - Processed 8630 files
2025-10-12 16:32:43,762 - main - INFO - Status update: scanning - 90% - Processed 8640 files
2025-10-12 16:32:44,165 - main - INFO - Status update: scanning - 90% - Processed 8650 files
2025-10-12 16:32:44,665 - main - INFO - Status update: scanning - 90% - Processed 8660 files
2025-10-12 16:32:45,093 - main - INFO - Status update: scanning - 90% - Processed 8670 files
2025-10-12 16:32:45,692 - main - INFO - Status update: scanning - 90% - Processed 8680 files
2025-10-12 16:32:46,166 - main - INFO - Status update: scanning - 90% - Processed 8690 files
2025-10-12 16:32:46,560 - main - INFO - Status update: scanning - 90% - Processed 8700 files
2025-10-12 16:32:47,094 - main - INFO - Status update: scanning - 90% - Processed 8710 files
2025-10-12 16:32:47,710 - main - INFO - Status update: scanning - 90% - Processed 8720 files
2025-10-12 16:32:48,273 - main - INFO - Status update: scanning - 90% - Processed 8730 files
2025-10-12 16:32:48,776 - main - INFO - Status update: scanning - 90% - Processed 8740 files
2025-10-12 16:32:49,301 - main - INFO - Status update: scanning - 90% - Processed 8750 files
2025-10-12 16:32:49,769 - main - INFO - Status update: scanning - 90% - Processed 8760 files
2025-10-12 16:32:50,330 - main - INFO - Status update: scanning - 90% - Processed 8770 files
2025-10-12 16:32:50,959 - main - INFO - Status update: scanning - 90% - Processed 8780 files
2025-10-12 16:32:51,533 - main - INFO - Status update: scanning - 90% - Processed 8790 files
2025-10-12 16:32:52,048 - main - INFO - Status update: scanning - 90% - Processed 8800 files
2025-10-12 16:32:52,543 - main - INFO - Status update: scanning - 90% - Processed 8810 files
2025-10-12 16:32:53,135 - main - INFO - Status update: scanning - 90% - Processed 8820 files
2025-10-12 16:32:53,710 - main - INFO - Status update: scanning - 90% - Processed 8830 files
2025-10-12 16:32:54,145 - main - INFO - Status update: scanning - 90% - Processed 8840 files
2025-10-12 16:32:54,736 - main - INFO - Status update: scanning - 90% - Processed 8850 files
2025-10-12 16:32:55,246 - main - INFO - Status update: scanning - 90% - Processed 8860 files
2025-10-12 16:32:55,787 - main - INFO - Status update: scanning - 90% - Processed 8870 files
2025-10-12 16:32:56,283 - main - INFO - Status update: scanning - 90% - Processed 8880 files
2025-10-12 16:32:56,785 - main - INFO - Status update: scanning - 90% - Processed 8890 files
2025-10-12 16:32:57,257 - main - INFO - Status update: scanning - 90% - Processed 8900 files
2025-10-12 16:32:57,841 - main - INFO - Status update: scanning - 90% - Processed 8910 files
2025-10-12 16:32:58,413 - main - INFO - Status update: scanning - 90% - Processed 8920 files
2025-10-12 16:32:59,014 - main - INFO - Status update: scanning - 90% - Processed 8930 files
2025-10-12 16:32:59,675 - main - INFO - Status update: scanning - 90% - Processed 8940 files
2025-10-12 16:33:00,175 - main - INFO - Status update: scanning - 90% - Processed 8950 files
2025-10-12 16:33:00,634 - main - INFO - Status update: scanning - 90% - Processed 8960 files
2025-10-12 16:33:01,133 - main - INFO - Status update: scanning - 90% - Processed 8970 files
2025-10-12 16:33:01,644 - main - INFO - Status update: scanning - 90% - Processed 8980 files
2025-10-12 16:33:02,307 - main - INFO - Status update: scanning - 90% - Processed 8990 files
2025-10-12 16:33:02,810 - main - INFO - Status update: scanning - 90% - Processed 9000 files
2025-10-12 16:33:03,360 - main - INFO - Status update: scanning - 90% - Processed 9010 files
2025-10-12 16:33:03,924 - main - INFO - Status update: scanning - 90% - Processed 9020 files
2025-10-12 16:33:04,466 - main - INFO - Status update: scanning - 90% - Processed 9030 files
2025-10-12 16:33:04,903 - main - INFO - Status update: scanning - 90% - Processed 9040 files
2025-10-12 16:33:05,345 - main - INFO - Status update: scanning - 90% - Processed 9050 files
2025-10-12 16:33:05,877 - main - INFO - Status update: scanning - 90% - Processed 9060 files
2025-10-12 16:33:06,351 - main - INFO - Status update: scanning - 90% - Processed 9070 files
2025-10-12 16:33:06,908 - main - INFO - Status update: scanning - 90% - Processed 9080 files
2025-10-12 16:33:07,443 - main - INFO - Status update: scanning - 90% - Processed 9090 files
2025-10-12 16:33:07,833 - main - INFO - Status update: scanning - 90% - Processed 9100 files
2025-10-12 16:33:08,252 - main - INFO - Status update: scanning - 90% - Processed 9110 files
2025-10-12 16:33:08,745 - main - INFO - Status update: scanning - 90% - Processed 9120 files
2025-10-12 16:33:09,106 - main - INFO - Status update: scanning - 90% - Processed 9130 files
2025-10-12 16:33:09,493 - main - INFO - Status update: scanning - 90% - Processed 9140 files
2025-10-12 16:33:09,892 - main - INFO - Status update: scanning - 90% - Processed 9150 files
2025-10-12 16:33:10,447 - main - INFO - Status update: scanning - 90% - Processed 9160 files
2025-10-12 16:33:11,013 - main - INFO - Status update: scanning - 90% - Processed 9170 files
2025-10-12 16:33:11,608 - main - INFO - Status update: scanning - 90% - Processed 9180 files
2025-10-12 16:33:12,128 - main - INFO - Status update: scanning - 90% - Processed 9190 files
2025-10-12 16:33:12,703 - main - INFO - Status update: scanning - 90% - Processed 9200 files
2025-10-12 16:33:13,174 - main - INFO - Status update: scanning - 90% - Processed 9210 files
2025-10-12 16:33:13,603 - main - INFO - Status update: scanning - 90% - Processed 9220 files
2025-10-12 16:33:14,091 - main - INFO - Status update: scanning - 90% - Processed 9230 files
2025-10-12 16:33:14,683 - main - INFO - Status update: scanning - 90% - Processed 9240 files
2025-10-12 16:33:15,123 - main - INFO - Status update: scanning - 90% - Processed 9250 files
2025-10-12 16:33:15,580 - main - INFO - Status update: scanning - 90% - Processed 9260 files
2025-10-12 16:33:16,053 - main - INFO - Status update: scanning - 90% - Processed 9270 files
2025-10-12 16:33:16,597 - main - INFO - Status update: scanning - 90% - Processed 9280 files
2025-10-12 16:33:17,049 - main - INFO - Status update: scanning - 90% - Processed 9290 files
2025-10-12 16:33:17,508 - main - INFO - Status update: scanning - 90% - Processed 9300 files
2025-10-12 16:33:18,054 - main - INFO - Status update: scanning - 90% - Processed 9310 files
2025-10-12 16:33:18,526 - main - INFO - Status update: scanning - 90% - Processed 9320 files
2025-10-12 16:33:18,974 - main - INFO - Status update: scanning - 90% - Processed 9330 files
2025-10-12 16:33:19,546 - main - INFO - Status update: scanning - 90% - Processed 9340 files
2025-10-12 16:33:20,059 - main - INFO - Status update: scanning - 90% - Processed 9350 files
2025-10-12 16:33:20,657 - main - INFO - Status update: scanning - 90% - Processed 9360 files
2025-10-12 16:33:21,177 - main - INFO - Status update: scanning - 90% - Processed 9370 files
2025-10-12 16:33:21,763 - main - INFO - Status update: scanning - 90% - Processed 9380 files
2025-10-12 16:33:22,511 - main - INFO - Status update: scanning - 90% - Processed 9390 files
2025-10-12 16:33:23,269 - main - INFO - Status update: scanning - 90% - Processed 9400 files
2025-10-12 16:33:23,893 - main - INFO - Status update: scanning - 90% - Processed 9410 files
2025-10-12 16:33:24,537 - main - INFO - Status update: scanning - 90% - Processed 9420 files
2025-10-12 16:33:25,170 - main - INFO - Status update: scanning - 90% - Processed 9430 files
2025-10-12 16:33:25,752 - main - INFO - Status update: scanning - 90% - Processed 9440 files
2025-10-12 16:33:26,307 - main - INFO - Status update: scanning - 90% - Processed 9450 files
2025-10-12 16:33:26,929 - main - INFO - Status update: scanning - 90% - Processed 9460 files
2025-10-12 16:33:27,536 - main - INFO - Status update: scanning - 90% - Processed 9470 files
2025-10-12 16:33:28,077 - main - INFO - Status update: scanning - 90% - Processed 9480 files
2025-10-12 16:33:28,692 - main - INFO - Status update: scanning - 90% - Processed 9490 files
2025-10-12 16:33:29,291 - main - INFO - Status update: scanning - 90% - Processed 9500 files
2025-10-12 16:33:29,899 - main - INFO - Status update: scanning - 90% - Processed 9510 files
2025-10-12 16:33:30,500 - main - INFO - Status update: scanning - 90% - Processed 9520 files
2025-10-12 16:33:31,142 - main - INFO - Status update: scanning - 90% - Processed 9530 files
2025-10-12 16:33:31,746 - main - INFO - Status update: scanning - 90% - Processed 9540 files
2025-10-12 16:33:32,352 - main - INFO - Status update: scanning - 90% - Processed 9550 files
2025-10-12 16:33:32,957 - main - INFO - Status update: scanning - 90% - Processed 9560 files
2025-10-12 16:33:33,519 - main - INFO - Status update: scanning - 90% - Processed 9570 files
2025-10-12 16:33:33,956 - main - INFO - Status update: scanning - 90% - Processed 9580 files
2025-10-12 16:33:34,356 - main - INFO - Status update: scanning - 90% - Processed 9590 files
2025-10-12 16:33:34,873 - main - INFO - Status update: scanning - 90% - Processed 9600 files
2025-10-12 16:33:35,194 - main - INFO - Status update: scanning - 90% - Processed 9610 files
2025-10-12 16:33:35,591 - main - INFO - Status update: scanning - 90% - Processed 9620 files
2025-10-12 16:33:36,135 - main - INFO - Status update: scanning - 90% - Processed 9630 files
2025-10-12 16:33:36,576 - main - INFO - Status update: scanning - 90% - Processed 9640 files
2025-10-12 16:33:37,060 - main - INFO - Status update: scanning - 90% - Processed 9650 files
2025-10-12 16:33:37,624 - main - INFO - Status update: scanning - 90% - Processed 9660 files
2025-10-12 16:33:38,017 - main - INFO - Status update: scanning - 90% - Processed 9670 files
2025-10-12 16:33:38,435 - main - INFO - Status update: scanning - 90% - Processed 9680 files
2025-10-12 16:33:38,859 - main - INFO - Status update: scanning - 90% - Processed 9690 files
2025-10-12 16:33:39,255 - main - INFO - Status update: scanning - 90% - Processed 9700 files
2025-10-12 16:33:39,737 - main - INFO - Status update: scanning - 90% - Processed 9710 files
2025-10-12 16:33:40,205 - main - INFO - Status update: scanning - 90% - Processed 9720 files
2025-10-12 16:33:40,733 - main - INFO - Status update: scanning - 90% - Processed 9730 files
2025-10-12 16:33:41,154 - main - INFO - Status update: scanning - 90% - Processed 9740 files
2025-10-12 16:33:41,554 - main - INFO - Status update: scanning - 90% - Processed 9750 files
2025-10-12 16:33:41,874 - main - INFO - Status update: scanning - 90% - Processed 9760 files
2025-10-12 16:33:42,364 - main - INFO - Status update: scanning - 90% - Processed 9770 files
2025-10-12 16:33:42,764 - main - INFO - Status update: scanning - 90% - Processed 9780 files
2025-10-12 16:33:42,898 - main - INFO - Operation completed: Scan completed: 9786 files processed
2025-10-12 16:35:36,477 - main - INFO - Shutting down backend...
2025-10-12 16:35:39,127 - main - INFO - Starting Intelligent File Organizer backend...
2025-10-12 16:35:39,130 - main - INFO - Backend initialization complete
2025-10-12 16:36:02,929 - main - INFO - Shutting down backend...
2025-10-12 16:36:05,319 - main - INFO - Starting Intelligent File Organizer backend...
2025-10-12 16:36:05,322 - main - INFO - Backend initialization complete
